#
# There is insufficient memory for the Java Runtime Environment to continue.
# Native memory allocation (mmap) failed to map 114294784 bytes for Failed to commit area from 0x00000000adc00000 to 0x00000000b4900000 of length 114294784.
# Possible reasons:
#   The system is out of physical RAM or swap space
#   The process is running with CompressedOops enabled, and the Java Heap may be blocking the growth of the native heap
# Possible solutions:
#   Reduce memory load on the system
#   Increase physical memory or swap space
#   Check if swap backing store is full
#   Decrease Java heap size (-Xmx/-Xms)
#   Decrease number of Java threads
#   Decrease Java thread stack sizes (-Xss)
#   Set larger code cache with -XX:ReservedCodeCacheSize=
#   JVM is running with Unscaled Compressed Oops mode in which the Java heap is
#     placed in the first 4GB address space. The Java Heap base address is the
#     maximum limit for the native heap growth. Please use -XX:HeapBaseMinAddress
#     to set the Java Heap base and to place the Java Heap above 4GB virtual address.
# This output file may be truncated or incomplete.
#
#  Out of Memory Error (./src/hotspot/os/windows/os_windows.cpp:3301), pid=21668, tid=12948
#
# JRE version: OpenJDK Runtime Environment (11.0.10) (build 11.0.10+0-b96-7249189)
# Java VM: OpenJDK 64-Bit Server VM (11.0.10+0-b96-7249189, mixed mode, tiered, compressed oops, g1 gc, windows-amd64)
# No core dump will be written. Minidumps are not enabled by default on client versions of Windows
#

---------------  S U M M A R Y ------------

Command Line: --add-opens=java.base/java.util=ALL-UNNAMED --add-opens=java.base/java.lang=ALL-UNNAMED --add-opens=java.base/java.lang.invoke=ALL-UNNAMED --add-opens=java.prefs/java.util.prefs=ALL-UNNAMED -Xmx1536m -Dfile.encoding=windows-1252 -Duser.country=US -Duser.language=en -Duser.variant org.gradle.launcher.daemon.bootstrap.GradleDaemon 6.7.1

Host: 11th Gen Intel(R) Core(TM) i5-1135G7 @ 2.40GHz, 8 cores, 7G,  Windows 10 , 64 bit Build 19041 (10.0.19041.1151)
Time: Wed Aug 25 16:55:28 2021 India Standard Time elapsed time: 79.407836 seconds (0d 0h 1m 19s)

---------------  T H R E A D  ---------------

Current thread (0x0000023dffa70000):  VMThread "VM Thread" [stack: 0x000000e49da00000,0x000000e49db00000] [id=12948]

Stack: [0x000000e49da00000,0x000000e49db00000]
[error occurred during error reporting (printing stack bounds), id 0xc0000005, EXCEPTION_ACCESS_VIOLATION (0xc0000005) at pc=0x0000023dea4010e7]

Native frames: (J=compiled Java code, j=interpreted, Vv=VM code, C=native code)
V  [jvm.dll+0x5ecfaa]
V  [jvm.dll+0x722bd5]
V  [jvm.dll+0x72412d]
V  [jvm.dll+0x724745]
V  [jvm.dll+0x7246fb]
V  [jvm.dll+0x5ec348]
V  [jvm.dll+0x5ecad8]
C  [ntdll.dll+0xa217f]
C  [ntdll.dll+0x51454]
C  [ntdll.dll+0xa0cae]
C  0x0000023dea4010e7

VM_Operation (0x000000e4a8df9e30): G1CollectForAllocation, mode: safepoint, requested by thread 0x0000023dffec3000


---------------  P R O C E S S  ---------------

Threads class SMR info:
_java_thread_list=0x0000023d884992d0, length=173, elements={
0x0000023de6919800, 0x0000023dffa73000, 0x0000023dffa77000, 0x0000023dffa90800,
0x0000023dffa91000, 0x0000023dffa93800, 0x0000023dffa9b000, 0x0000023dffaa1000,
0x0000023dffaaa800, 0x0000023dffd5b000, 0x0000023d82932800, 0x0000023d812ef800,
0x0000023d819f3800, 0x0000023d8265d800, 0x0000023d82834800, 0x0000023d81a78000,
0x0000023d815e8800, 0x0000023d81bad800, 0x0000023d82a33000, 0x0000023d82a33800,
0x0000023d82a35800, 0x0000023d82664000, 0x0000023d82662800, 0x0000023d82665800,
0x0000023d82661800, 0x0000023d82664800, 0x0000023d82663000, 0x0000023d82660800,
0x0000023d8266b800, 0x0000023d8266d000, 0x0000023d82669000, 0x0000023d8266e800,
0x0000023d8266d800, 0x0000023d8266f800, 0x0000023d82669800, 0x0000023d8266a800,
0x0000023d8266c000, 0x0000023d82666800, 0x0000023d82a34800, 0x0000023d85288800,
0x0000023d8528a800, 0x0000023d8528b000, 0x0000023d85287000, 0x0000023d85288000,
0x0000023d85286800, 0x0000023d8528c000, 0x0000023d8528e800, 0x0000023d8528f800,
0x0000023d85289800, 0x0000023d85291000, 0x0000023d85291800, 0x0000023d8528d000,
0x0000023d85290000, 0x0000023d85292800, 0x0000023d85293800, 0x0000023d8528d800,
0x0000023d85294000, 0x0000023d85295000, 0x0000023dfff5c000, 0x0000023dfff5d000,
0x0000023dfff5a800, 0x0000023dfff57000, 0x0000023dfff5d800, 0x0000023dfff58000,
0x0000023dfff5e800, 0x0000023dfff59000, 0x0000023dfff5b000, 0x0000023dfff5f800,
0x0000023dfff59800, 0x0000023dfff65000, 0x0000023dfff66000, 0x0000023dfff60000,
0x0000023dfff61000, 0x0000023dfff62000, 0x0000023dfff62800, 0x0000023dfff63800,
0x0000023dfff64000, 0x0000023d8262e000, 0x0000023d8262a800, 0x0000023d8262b800,
0x0000023d8262e800, 0x0000023d82629000, 0x0000023d8262f800, 0x0000023d8262a000,
0x0000023d82631000, 0x0000023d82630800, 0x0000023d8262d000, 0x0000023d82632000,
0x0000023d8262c800, 0x0000023d82633000, 0x0000023d82633800, 0x0000023d82634800,
0x0000023d82635800, 0x0000023d82637800, 0x0000023d82636000, 0x0000023d82637000,
0x0000023dffe14800, 0x0000023dffe11800, 0x0000023dffe14000, 0x0000023dffe15800,
0x0000023dffe16800, 0x0000023dffe12000, 0x0000023dffe10800, 0x0000023dffe13000,
0x0000023dffe19800, 0x0000023dffe1d000, 0x0000023dffe1a800, 0x0000023dffe17000,
0x0000023dffe1c000, 0x0000023dffe1d800, 0x0000023dffe18000, 0x0000023dffe1e800,
0x0000023dffe18800, 0x0000023dffe1f000, 0x0000023dffe1b000, 0x0000023d84bb3800,
0x0000023d84bb5000, 0x0000023d84bb4800, 0x0000023d84bb2800, 0x0000023d84bb1000,
0x0000023d84bb2000, 0x0000023d84bbb800, 0x0000023d84bba000, 0x0000023d84bbb000,
0x0000023d84bb9000, 0x0000023d84bb6000, 0x0000023d84bb6800, 0x0000023d84bbc800,
0x0000023d84bbd000, 0x0000023d84bb7800, 0x0000023d84bbe000, 0x0000023d84bb8800,
0x0000023d84bbf000, 0x0000023d84bbf800, 0x0000023d84e8b800, 0x0000023d84e88000,
0x0000023d84e86800, 0x0000023d84e89000, 0x0000023d84e89800, 0x0000023d84e85800,
0x0000023d84e8d000, 0x0000023d84e8c000, 0x0000023d84e8a800, 0x0000023d84e87800,
0x0000023d84e8e000, 0x0000023d84e8f800, 0x0000023d84e8e800, 0x0000023d84e92000,
0x0000023d84e90800, 0x0000023d84e91000, 0x0000023d84e92800, 0x0000023d84e93800,
0x0000023d84e94800, 0x0000023dffeb7800, 0x0000023dffeb9000, 0x0000023dffeba800,
0x0000023dffeba000, 0x0000023dffeb5000, 0x0000023dffebb800, 0x0000023dffeb5800,
0x0000023dffebc000, 0x0000023dffeb6800, 0x0000023dffebd000, 0x0000023dffeb8000,
0x0000023dffec2000, 0x0000023dffec3800, 0x0000023dffec0800, 0x0000023dffec1000,
0x0000023dffebe800, 0x0000023dffebf800, 0x0000023dffec3000, 0x0000023d884bb000,
0x0000023d884ba800
}

Java Threads: ( => current thread )
  0x0000023de6919800 JavaThread "main" [_thread_blocked, id=15780, stack(0x000000e49d400000,0x000000e49d500000)]
  0x0000023dffa73000 JavaThread "Reference Handler" daemon [_thread_blocked, id=9016, stack(0x000000e49db00000,0x000000e49dc00000)]
  0x0000023dffa77000 JavaThread "Finalizer" daemon [_thread_blocked, id=20092, stack(0x000000e49dc00000,0x000000e49dd00000)]
  0x0000023dffa90800 JavaThread "Signal Dispatcher" daemon [_thread_blocked, id=2524, stack(0x000000e49dd00000,0x000000e49de00000)]
  0x0000023dffa91000 JavaThread "Attach Listener" daemon [_thread_blocked, id=5756, stack(0x000000e49de00000,0x000000e49df00000)]
  0x0000023dffa93800 JavaThread "Service Thread" daemon [_thread_blocked, id=16036, stack(0x000000e49df00000,0x000000e49e000000)]
  0x0000023dffa9b000 JavaThread "C2 CompilerThread0" daemon [_thread_in_native, id=19880, stack(0x000000e49e000000,0x000000e49e100000)]
  0x0000023dffaa1000 JavaThread "C1 CompilerThread0" daemon [_thread_blocked, id=4184, stack(0x000000e49e100000,0x000000e49e200000)]
  0x0000023dffaaa800 JavaThread "Sweeper thread" daemon [_thread_blocked, id=18108, stack(0x000000e49e200000,0x000000e49e300000)]
  0x0000023dffd5b000 JavaThread "Common-Cleaner" daemon [_thread_blocked, id=11012, stack(0x000000e49e300000,0x000000e49e400000)]
  0x0000023d82932800 JavaThread "Daemon health stats" [_thread_blocked, id=9580, stack(0x000000e49e600000,0x000000e49e700000)]
  0x0000023d812ef800 JavaThread "Incoming local TCP Connector on port 49788" [_thread_in_native, id=10584, stack(0x000000e49e900000,0x000000e49ea00000)]
  0x0000023d819f3800 JavaThread "Daemon periodic checks" [_thread_blocked, id=1764, stack(0x000000e49ea00000,0x000000e49eb00000)]
  0x0000023d8265d800 JavaThread "Daemon" [_thread_blocked, id=21124, stack(0x000000e49eb00000,0x000000e49ec00000)]
  0x0000023d82834800 JavaThread "Handler for socket connection from /127.0.0.1:49788 to /127.0.0.1:49789" [_thread_in_native, id=8540, stack(0x000000e49ec00000,0x000000e49ed00000)]
  0x0000023d81a78000 JavaThread "Cancel handler" [_thread_blocked, id=4700, stack(0x000000e49ed00000,0x000000e49ee00000)]
  0x0000023d815e8800 JavaThread "Daemon worker" [_thread_blocked, id=19028, stack(0x000000e49ee00000,0x000000e49ef00000)]
  0x0000023d81bad800 JavaThread "Asynchronous log dispatcher for DefaultDaemonConnection: socket connection from /127.0.0.1:49788 to /127.0.0.1:49789" [_thread_blocked, id=17200, stack(0x000000e49ef00000,0x000000e49f000000)]
  0x0000023d82a33000 JavaThread "Thread-8" [_thread_blocked, id=14728, stack(0x000000e49f100000,0x000000e49f200000)]
  0x0000023d82a33800 JavaThread "Cache worker for file hash cache (C:\Program Files\Android\Android Studio\plugins\gradle\wrapper\dists\gradle-6.7.1-bin\caches\6.7.1\fileHashes)" [_thread_blocked, id=13204, stack(0x000000e49f800000,0x000000e49f900000)]
  0x0000023d82a35800 JavaThread "File lock request listener" [_thread_in_native, id=20760, stack(0x000000e49f900000,0x000000e49fa00000)]
  0x0000023d82664000 JavaThread "Cache worker for journal cache (C:\Program Files\Android\Android Studio\plugins\gradle\wrapper\dists\gradle-6.7.1-bin\caches\journal-1)" [_thread_blocked, id=15044, stack(0x000000e49fb00000,0x000000e49fc00000)]
  0x0000023d82662800 JavaThread "Cache worker for file hash cache (D:\EngineerBabu\EngineerBabuProjects\event365host - Copy\.gradle\6.7.1\fileHashes)" [_thread_blocked, id=13112, stack(0x000000e49fc00000,0x000000e49fd00000)]
  0x0000023d82665800 JavaThread "Cache worker for checksums cache (D:\EngineerBabu\EngineerBabuProjects\event365host - Copy\.gradle\checksums)" [_thread_blocked, id=17512, stack(0x000000e49fd00000,0x000000e49fe00000)]
  0x0000023d82661800 JavaThread "Cache worker for cache directory md-supplier (C:\Program Files\Android\Android Studio\plugins\gradle\wrapper\dists\gradle-6.7.1-bin\caches\6.7.1\md-supplier)" [_thread_blocked, id=13288, stack(0x000000e49fe00000,0x000000e49ff00000)]
  0x0000023d82664800 JavaThread "Cache worker for cache directory md-rule (C:\Program Files\Android\Android Studio\plugins\gradle\wrapper\dists\gradle-6.7.1-bin\caches\6.7.1\md-rule)" [_thread_blocked, id=11984, stack(0x000000e49ff00000,0x000000e4a0000000)]
  0x0000023d82663000 JavaThread "Cache worker for execution history cache (C:\Program Files\Android\Android Studio\plugins\gradle\wrapper\dists\gradle-6.7.1-bin\caches\6.7.1\executionHistory)" [_thread_blocked, id=19596, stack(0x000000e4a0000000,0x000000e4a0100000)]
  0x0000023d82660800 JavaThread "Cache worker for file content cache (C:\Program Files\Android\Android Studio\plugins\gradle\wrapper\dists\gradle-6.7.1-bin\caches\6.7.1\fileContent)" [_thread_blocked, id=8396, stack(0x000000e4a0200000,0x000000e4a0300000)]
  0x0000023d8266b800 JavaThread "Cache worker for Build Output Cleanup Cache (D:\EngineerBabu\EngineerBabuProjects\event365host - Copy\.gradle\buildOutputCleanup)" [_thread_blocked, id=17232, stack(0x000000e4a0300000,0x000000e4a0400000)]
  0x0000023d8266d000 JavaThread "Build operations" [_thread_blocked, id=11820, stack(0x000000e4a0500000,0x000000e4a0600000)]
  0x0000023d82669000 JavaThread "Build operations Thread 2" [_thread_blocked, id=22300, stack(0x000000e4a0600000,0x000000e4a0700000)]
  0x0000023d8266e800 JavaThread "Build operations Thread 3" [_thread_blocked, id=12888, stack(0x000000e4a0700000,0x000000e4a0800000)]
  0x0000023d8266d800 JavaThread "Build operations Thread 4" [_thread_blocked, id=13536, stack(0x000000e4a0800000,0x000000e4a0900000)]
  0x0000023d8266f800 JavaThread "Build operations Thread 5" [_thread_blocked, id=15584, stack(0x000000e4a0900000,0x000000e4a0a00000)]
  0x0000023d82669800 JavaThread "Build operations Thread 6" [_thread_blocked, id=6092, stack(0x000000e4a0a00000,0x000000e4a0b00000)]
  0x0000023d8266a800 JavaThread "Build operations Thread 7" [_thread_blocked, id=14940, stack(0x000000e4a0b00000,0x000000e4a0c00000)]
  0x0000023d8266c000 JavaThread "Build operations Thread 8" [_thread_blocked, id=21004, stack(0x000000e4a0c00000,0x000000e4a0d00000)]
  0x0000023d82666800 JavaThread "jar transforms Thread 2" [_thread_blocked, id=20884, stack(0x000000e49d100000,0x000000e49d200000)]
  0x0000023d82a34800 JavaThread "jar transforms Thread 3" [_thread_blocked, id=10000, stack(0x000000e49d200000,0x000000e49d300000)]
  0x0000023d85288800 JavaThread "jar transforms Thread 4" [_thread_blocked, id=15576, stack(0x000000e49d300000,0x000000e49d400000)]
  0x0000023d8528a800 JavaThread "jar transforms Thread 5" [_thread_blocked, id=292, stack(0x000000e49f000000,0x000000e49f100000)]
  0x0000023d8528b000 JavaThread "jar transforms Thread 6" [_thread_blocked, id=21072, stack(0x000000e4a0100000,0x000000e4a0200000)]
  0x0000023d85287000 JavaThread "jar transforms Thread 7" [_thread_blocked, id=13456, stack(0x000000e4a0d00000,0x000000e4a0e00000)]
  0x0000023d85288000 JavaThread "jar transforms Thread 8" [_thread_blocked, id=12836, stack(0x000000e4a0e00000,0x000000e4a0f00000)]
  0x0000023d85286800 JavaThread "jar transforms Thread 9" [_thread_blocked, id=10984, stack(0x000000e4a0f00000,0x000000e4a1000000)]
  0x0000023d8528c000 JavaThread "jar transforms Thread 10" [_thread_blocked, id=3800, stack(0x000000e4a1000000,0x000000e4a1100000)]
  0x0000023d8528e800 JavaThread "jar transforms Thread 11" [_thread_blocked, id=6828, stack(0x000000e4a1100000,0x000000e4a1200000)]
  0x0000023d8528f800 JavaThread "jar transforms Thread 12" [_thread_blocked, id=22016, stack(0x000000e4a1200000,0x000000e4a1300000)]
  0x0000023d85289800 JavaThread "jar transforms Thread 13" [_thread_blocked, id=18376, stack(0x000000e4a1300000,0x000000e4a1400000)]
  0x0000023d85291000 JavaThread "jar transforms Thread 14" [_thread_blocked, id=344, stack(0x000000e4a1400000,0x000000e4a1500000)]
  0x0000023d85291800 JavaThread "jar transforms Thread 15" [_thread_blocked, id=3208, stack(0x000000e4a1500000,0x000000e4a1600000)]
  0x0000023d8528d000 JavaThread "jar transforms Thread 16" [_thread_blocked, id=15892, stack(0x000000e4a1600000,0x000000e4a1700000)]
  0x0000023d85290000 JavaThread "jar transforms Thread 17" [_thread_blocked, id=14976, stack(0x000000e4a1700000,0x000000e4a1800000)]
  0x0000023d85292800 JavaThread "jar transforms Thread 18" [_thread_blocked, id=22236, stack(0x000000e4a1800000,0x000000e4a1900000)]
  0x0000023d85293800 JavaThread "jar transforms Thread 19" [_thread_blocked, id=13360, stack(0x000000e4a1900000,0x000000e4a1a00000)]
  0x0000023d8528d800 JavaThread "jar transforms Thread 20" [_thread_blocked, id=21640, stack(0x000000e4a1a00000,0x000000e4a1b00000)]
  0x0000023d85294000 JavaThread "jar transforms Thread 21" [_thread_blocked, id=18936, stack(0x000000e4a1b00000,0x000000e4a1c00000)]
  0x0000023d85295000 JavaThread "jar transforms Thread 22" [_thread_blocked, id=5192, stack(0x000000e4a1c00000,0x000000e4a1d00000)]
  0x0000023dfff5c000 JavaThread "jar transforms Thread 23" [_thread_blocked, id=20652, stack(0x000000e4a1d00000,0x000000e4a1e00000)]
  0x0000023dfff5d000 JavaThread "jar transforms Thread 24" [_thread_blocked, id=20964, stack(0x000000e4a1e00000,0x000000e4a1f00000)]
  0x0000023dfff5a800 JavaThread "jar transforms Thread 25" [_thread_blocked, id=19876, stack(0x000000e4a1f00000,0x000000e4a2000000)]
  0x0000023dfff57000 JavaThread "jar transforms Thread 26" [_thread_blocked, id=10488, stack(0x000000e4a2000000,0x000000e4a2100000)]
  0x0000023dfff5d800 JavaThread "jar transforms Thread 27" [_thread_blocked, id=21548, stack(0x000000e4a2100000,0x000000e4a2200000)]
  0x0000023dfff58000 JavaThread "jar transforms Thread 28" [_thread_blocked, id=13608, stack(0x000000e4a2200000,0x000000e4a2300000)]
  0x0000023dfff5e800 JavaThread "jar transforms Thread 29" [_thread_blocked, id=6868, stack(0x000000e4a2300000,0x000000e4a2400000)]
  0x0000023dfff59000 JavaThread "jar transforms Thread 30" [_thread_blocked, id=10316, stack(0x000000e4a2400000,0x000000e4a2500000)]
  0x0000023dfff5b000 JavaThread "jar transforms Thread 31" [_thread_blocked, id=15824, stack(0x000000e4a2500000,0x000000e4a2600000)]
  0x0000023dfff5f800 JavaThread "jar transforms Thread 32" [_thread_blocked, id=9148, stack(0x000000e4a2600000,0x000000e4a2700000)]
  0x0000023dfff59800 JavaThread "jar transforms Thread 33" [_thread_blocked, id=21732, stack(0x000000e4a2700000,0x000000e4a2800000)]
  0x0000023dfff65000 JavaThread "jar transforms Thread 34" [_thread_blocked, id=14920, stack(0x000000e4a2800000,0x000000e4a2900000)]
  0x0000023dfff66000 JavaThread "jar transforms Thread 35" [_thread_blocked, id=4208, stack(0x000000e4a2900000,0x000000e4a2a00000)]
  0x0000023dfff60000 JavaThread "jar transforms Thread 36" [_thread_blocked, id=15720, stack(0x000000e4a2a00000,0x000000e4a2b00000)]
  0x0000023dfff61000 JavaThread "jar transforms Thread 37" [_thread_blocked, id=11276, stack(0x000000e4a2b00000,0x000000e4a2c00000)]
  0x0000023dfff62000 JavaThread "jar transforms Thread 38" [_thread_blocked, id=17048, stack(0x000000e4a2c00000,0x000000e4a2d00000)]
  0x0000023dfff62800 JavaThread "jar transforms Thread 39" [_thread_blocked, id=7188, stack(0x000000e4a2d00000,0x000000e4a2e00000)]
  0x0000023dfff63800 JavaThread "jar transforms Thread 40" [_thread_blocked, id=21872, stack(0x000000e4a2e00000,0x000000e4a2f00000)]
  0x0000023dfff64000 JavaThread "jar transforms Thread 41" [_thread_blocked, id=19036, stack(0x000000e4a2f00000,0x000000e4a3000000)]
  0x0000023d8262e000 JavaThread "jar transforms Thread 42" [_thread_blocked, id=14100, stack(0x000000e4a3000000,0x000000e4a3100000)]
  0x0000023d8262a800 JavaThread "jar transforms Thread 43" [_thread_blocked, id=5196, stack(0x000000e4a3100000,0x000000e4a3200000)]
  0x0000023d8262b800 JavaThread "jar transforms Thread 44" [_thread_blocked, id=5752, stack(0x000000e4a3200000,0x000000e4a3300000)]
  0x0000023d8262e800 JavaThread "jar transforms Thread 45" [_thread_blocked, id=21796, stack(0x000000e4a3300000,0x000000e4a3400000)]
  0x0000023d82629000 JavaThread "jar transforms Thread 46" [_thread_blocked, id=7628, stack(0x000000e4a3400000,0x000000e4a3500000)]
  0x0000023d8262f800 JavaThread "jar transforms Thread 47" [_thread_blocked, id=19452, stack(0x000000e4a3500000,0x000000e4a3600000)]
  0x0000023d8262a000 JavaThread "jar transforms Thread 48" [_thread_blocked, id=9496, stack(0x000000e4a3600000,0x000000e4a3700000)]
  0x0000023d82631000 JavaThread "jar transforms Thread 49" [_thread_blocked, id=6212, stack(0x000000e4a3700000,0x000000e4a3800000)]
  0x0000023d82630800 JavaThread "jar transforms Thread 50" [_thread_blocked, id=16308, stack(0x000000e4a3800000,0x000000e4a3900000)]
  0x0000023d8262d000 JavaThread "jar transforms Thread 51" [_thread_blocked, id=11296, stack(0x000000e4a3900000,0x000000e4a3a00000)]
  0x0000023d82632000 JavaThread "jar transforms Thread 52" [_thread_blocked, id=20296, stack(0x000000e4a3a00000,0x000000e4a3b00000)]
  0x0000023d8262c800 JavaThread "jar transforms Thread 53" [_thread_blocked, id=5252, stack(0x000000e4a3b00000,0x000000e4a3c00000)]
  0x0000023d82633000 JavaThread "jar transforms Thread 54" [_thread_blocked, id=17508, stack(0x000000e4a3c00000,0x000000e4a3d00000)]
  0x0000023d82633800 JavaThread "jar transforms Thread 55" [_thread_blocked, id=11300, stack(0x000000e4a3d00000,0x000000e4a3e00000)]
  0x0000023d82634800 JavaThread "jar transforms Thread 56" [_thread_blocked, id=17612, stack(0x000000e4a3e00000,0x000000e4a3f00000)]
  0x0000023d82635800 JavaThread "jar transforms Thread 57" [_thread_blocked, id=9720, stack(0x000000e4a3f00000,0x000000e4a4000000)]
  0x0000023d82637800 JavaThread "jar transforms Thread 58" [_thread_blocked, id=8796, stack(0x000000e4a4000000,0x000000e4a4100000)]
  0x0000023d82636000 JavaThread "jar transforms Thread 59" [_thread_blocked, id=3056, stack(0x000000e4a4100000,0x000000e4a4200000)]
  0x0000023d82637000 JavaThread "jar transforms Thread 60" [_thread_blocked, id=13156, stack(0x000000e4a4200000,0x000000e4a4300000)]
  0x0000023dffe14800 JavaThread "jar transforms Thread 61" [_thread_blocked, id=20712, stack(0x000000e4a4300000,0x000000e4a4400000)]
  0x0000023dffe11800 JavaThread "jar transforms Thread 62" [_thread_blocked, id=12788, stack(0x000000e4a4400000,0x000000e4a4500000)]
  0x0000023dffe14000 JavaThread "jar transforms Thread 63" [_thread_blocked, id=22240, stack(0x000000e4a4500000,0x000000e4a4600000)]
  0x0000023dffe15800 JavaThread "jar transforms Thread 64" [_thread_blocked, id=10496, stack(0x000000e4a4600000,0x000000e4a4700000)]
  0x0000023dffe16800 JavaThread "jar transforms Thread 65" [_thread_blocked, id=7488, stack(0x000000e4a4700000,0x000000e4a4800000)]
  0x0000023dffe12000 JavaThread "jar transforms Thread 66" [_thread_blocked, id=9296, stack(0x000000e4a4800000,0x000000e4a4900000)]
  0x0000023dffe10800 JavaThread "jar transforms Thread 67" [_thread_blocked, id=9852, stack(0x000000e4a4900000,0x000000e4a4a00000)]
  0x0000023dffe13000 JavaThread "jar transforms Thread 68" [_thread_blocked, id=3368, stack(0x000000e4a4a00000,0x000000e4a4b00000)]
  0x0000023dffe19800 JavaThread "jar transforms Thread 69" [_thread_blocked, id=8152, stack(0x000000e4a4b00000,0x000000e4a4c00000)]
  0x0000023dffe1d000 JavaThread "jar transforms Thread 70" [_thread_blocked, id=17592, stack(0x000000e4a4c00000,0x000000e4a4d00000)]
  0x0000023dffe1a800 JavaThread "jar transforms Thread 71" [_thread_blocked, id=13984, stack(0x000000e4a4d00000,0x000000e4a4e00000)]
  0x0000023dffe17000 JavaThread "jar transforms Thread 72" [_thread_blocked, id=20488, stack(0x000000e4a4e00000,0x000000e4a4f00000)]
  0x0000023dffe1c000 JavaThread "jar transforms Thread 73" [_thread_blocked, id=16476, stack(0x000000e4a4f00000,0x000000e4a5000000)]
  0x0000023dffe1d800 JavaThread "jar transforms Thread 74" [_thread_blocked, id=15112, stack(0x000000e4a5000000,0x000000e4a5100000)]
  0x0000023dffe18000 JavaThread "jar transforms Thread 75" [_thread_blocked, id=6232, stack(0x000000e4a5100000,0x000000e4a5200000)]
  0x0000023dffe1e800 JavaThread "jar transforms Thread 76" [_thread_blocked, id=6428, stack(0x000000e4a5200000,0x000000e4a5300000)]
  0x0000023dffe18800 JavaThread "jar transforms Thread 77" [_thread_blocked, id=2932, stack(0x000000e4a5300000,0x000000e4a5400000)]
  0x0000023dffe1f000 JavaThread "jar transforms Thread 78" [_thread_blocked, id=15708, stack(0x000000e4a5400000,0x000000e4a5500000)]
  0x0000023dffe1b000 JavaThread "jar transforms Thread 79" [_thread_blocked, id=12196, stack(0x000000e4a5500000,0x000000e4a5600000)]
  0x0000023d84bb3800 JavaThread "jar transforms Thread 80" [_thread_blocked, id=14196, stack(0x000000e4a5600000,0x000000e4a5700000)]
  0x0000023d84bb5000 JavaThread "jar transforms Thread 81" [_thread_blocked, id=8460, stack(0x000000e4a5700000,0x000000e4a5800000)]
  0x0000023d84bb4800 JavaThread "jar transforms Thread 82" [_thread_blocked, id=3460, stack(0x000000e4a5800000,0x000000e4a5900000)]
  0x0000023d84bb2800 JavaThread "jar transforms Thread 83" [_thread_blocked, id=8856, stack(0x000000e4a5900000,0x000000e4a5a00000)]
  0x0000023d84bb1000 JavaThread "jar transforms Thread 84" [_thread_blocked, id=10596, stack(0x000000e4a5a00000,0x000000e4a5b00000)]
  0x0000023d84bb2000 JavaThread "jar transforms Thread 85" [_thread_blocked, id=11544, stack(0x000000e4a5b00000,0x000000e4a5c00000)]
  0x0000023d84bbb800 JavaThread "jar transforms Thread 86" [_thread_blocked, id=9304, stack(0x000000e4a5c00000,0x000000e4a5d00000)]
  0x0000023d84bba000 JavaThread "jar transforms Thread 87" [_thread_blocked, id=5996, stack(0x000000e4a5d00000,0x000000e4a5e00000)]
  0x0000023d84bbb000 JavaThread "jar transforms Thread 88" [_thread_blocked, id=20816, stack(0x000000e4a5e00000,0x000000e4a5f00000)]
  0x0000023d84bb9000 JavaThread "jar transforms Thread 89" [_thread_blocked, id=20020, stack(0x000000e4a5f00000,0x000000e4a6000000)]
  0x0000023d84bb6000 JavaThread "jar transforms Thread 90" [_thread_blocked, id=17568, stack(0x000000e4a6000000,0x000000e4a6100000)]
  0x0000023d84bb6800 JavaThread "jar transforms Thread 91" [_thread_blocked, id=19844, stack(0x000000e4a6100000,0x000000e4a6200000)]
  0x0000023d84bbc800 JavaThread "jar transforms Thread 92" [_thread_blocked, id=4884, stack(0x000000e4a6200000,0x000000e4a6300000)]
  0x0000023d84bbd000 JavaThread "jar transforms Thread 93" [_thread_blocked, id=16984, stack(0x000000e4a6300000,0x000000e4a6400000)]
  0x0000023d84bb7800 JavaThread "jar transforms Thread 94" [_thread_blocked, id=14540, stack(0x000000e4a6400000,0x000000e4a6500000)]
  0x0000023d84bbe000 JavaThread "jar transforms Thread 95" [_thread_blocked, id=1692, stack(0x000000e4a6500000,0x000000e4a6600000)]
  0x0000023d84bb8800 JavaThread "jar transforms Thread 96" [_thread_blocked, id=6344, stack(0x000000e4a6600000,0x000000e4a6700000)]
  0x0000023d84bbf000 JavaThread "jar transforms Thread 97" [_thread_blocked, id=18268, stack(0x000000e4a6700000,0x000000e4a6800000)]
  0x0000023d84bbf800 JavaThread "jar transforms Thread 98" [_thread_blocked, id=21772, stack(0x000000e4a6800000,0x000000e4a6900000)]
  0x0000023d84e8b800 JavaThread "jar transforms Thread 99" [_thread_blocked, id=12232, stack(0x000000e4a6900000,0x000000e4a6a00000)]
  0x0000023d84e88000 JavaThread "jar transforms Thread 100" [_thread_blocked, id=21804, stack(0x000000e4a6a00000,0x000000e4a6b00000)]
  0x0000023d84e86800 JavaThread "jar transforms Thread 101" [_thread_blocked, id=7636, stack(0x000000e4a6b00000,0x000000e4a6c00000)]
  0x0000023d84e89000 JavaThread "jar transforms Thread 102" [_thread_blocked, id=4556, stack(0x000000e4a6c00000,0x000000e4a6d00000)]
  0x0000023d84e89800 JavaThread "jar transforms Thread 103" [_thread_blocked, id=7444, stack(0x000000e4a6d00000,0x000000e4a6e00000)]
  0x0000023d84e85800 JavaThread "jar transforms Thread 104" [_thread_blocked, id=14160, stack(0x000000e4a6e00000,0x000000e4a6f00000)]
  0x0000023d84e8d000 JavaThread "jar transforms Thread 105" [_thread_blocked, id=22408, stack(0x000000e4a6f00000,0x000000e4a7000000)]
  0x0000023d84e8c000 JavaThread "jar transforms Thread 106" [_thread_blocked, id=3852, stack(0x000000e4a7000000,0x000000e4a7100000)]
  0x0000023d84e8a800 JavaThread "jar transforms Thread 107" [_thread_blocked, id=19980, stack(0x000000e4a7100000,0x000000e4a7200000)]
  0x0000023d84e87800 JavaThread "jar transforms Thread 108" [_thread_blocked, id=8104, stack(0x000000e4a7200000,0x000000e4a7300000)]
  0x0000023d84e8e000 JavaThread "jar transforms Thread 109" [_thread_blocked, id=8172, stack(0x000000e4a7300000,0x000000e4a7400000)]
  0x0000023d84e8f800 JavaThread "jar transforms Thread 110" [_thread_blocked, id=19068, stack(0x000000e4a7400000,0x000000e4a7500000)]
  0x0000023d84e8e800 JavaThread "jar transforms Thread 111" [_thread_blocked, id=10660, stack(0x000000e4a7500000,0x000000e4a7600000)]
  0x0000023d84e92000 JavaThread "jar transforms Thread 112" [_thread_blocked, id=18200, stack(0x000000e4a7600000,0x000000e4a7700000)]
  0x0000023d84e90800 JavaThread "jar transforms Thread 113" [_thread_blocked, id=21868, stack(0x000000e4a7700000,0x000000e4a7800000)]
  0x0000023d84e91000 JavaThread "jar transforms Thread 114" [_thread_blocked, id=9168, stack(0x000000e4a7800000,0x000000e4a7900000)]
  0x0000023d84e92800 JavaThread "jar transforms Thread 115" [_thread_blocked, id=4488, stack(0x000000e4a7900000,0x000000e4a7a00000)]
  0x0000023d84e93800 JavaThread "jar transforms Thread 116" [_thread_blocked, id=20808, stack(0x000000e4a7a00000,0x000000e4a7b00000)]
  0x0000023d84e94800 JavaThread "jar transforms Thread 117" [_thread_blocked, id=15224, stack(0x000000e4a7b00000,0x000000e4a7c00000)]
  0x0000023dffeb7800 JavaThread "jar transforms Thread 118" [_thread_blocked, id=16392, stack(0x000000e4a7c00000,0x000000e4a7d00000)]
  0x0000023dffeb9000 JavaThread "jar transforms Thread 119" [_thread_blocked, id=11568, stack(0x000000e4a7d00000,0x000000e4a7e00000)]
  0x0000023dffeba800 JavaThread "jar transforms Thread 120" [_thread_blocked, id=8480, stack(0x000000e4a7e00000,0x000000e4a7f00000)]
  0x0000023dffeba000 JavaThread "jar transforms Thread 121" [_thread_blocked, id=15660, stack(0x000000e4a7f00000,0x000000e4a8000000)]
  0x0000023dffeb5000 JavaThread "jar transforms Thread 122" [_thread_blocked, id=19616, stack(0x000000e4a8000000,0x000000e4a8100000)]
  0x0000023dffebb800 JavaThread "jar transforms Thread 123" [_thread_blocked, id=8252, stack(0x000000e4a8100000,0x000000e4a8200000)]
  0x0000023dffeb5800 JavaThread "jar transforms Thread 124" [_thread_blocked, id=22444, stack(0x000000e4a8200000,0x000000e4a8300000)]
  0x0000023dffebc000 JavaThread "jar transforms Thread 125" [_thread_blocked, id=13512, stack(0x000000e4a8300000,0x000000e4a8400000)]
  0x0000023dffeb6800 JavaThread "jar transforms Thread 126" [_thread_blocked, id=18320, stack(0x000000e4a8400000,0x000000e4a8500000)]
  0x0000023dffebd000 JavaThread "Memory manager" [_thread_blocked, id=13892, stack(0x000000e4a8500000,0x000000e4a8600000)]
  0x0000023dffeb8000 JavaThread "build event listener" [_thread_blocked, id=9488, stack(0x000000e4a8600000,0x000000e4a8700000)]
  0x0000023dffec2000 JavaThread "build event listener" [_thread_blocked, id=2852, stack(0x000000e4a8700000,0x000000e4a8800000)]
  0x0000023dffec3800 JavaThread "Execution worker for ':'" [_thread_blocked, id=17684, stack(0x000000e4a8800000,0x000000e4a8900000)]
  0x0000023dffec0800 JavaThread "Execution worker for ':' Thread 2" [_thread_blocked, id=20400, stack(0x000000e4a8900000,0x000000e4a8a00000)]
  0x0000023dffec1000 JavaThread "Execution worker for ':' Thread 3" [_thread_blocked, id=13152, stack(0x000000e4a8a00000,0x000000e4a8b00000)]
  0x0000023dffebe800 JavaThread "Execution worker for ':' Thread 4" [_thread_blocked, id=20316, stack(0x000000e4a8b00000,0x000000e4a8c00000)]
  0x0000023dffebf800 JavaThread "Execution worker for ':' Thread 5" [_thread_blocked, id=22108, stack(0x000000e4a8c00000,0x000000e4a8d00000)]
  0x0000023dffec3000 JavaThread "Execution worker for ':' Thread 6" [_thread_blocked, id=12360, stack(0x000000e4a8d00000,0x000000e4a8e00000)]
  0x0000023d884bb000 JavaThread "Execution worker for ':' Thread 7" [_thread_blocked, id=3024, stack(0x000000e4a8e00000,0x000000e4a8f00000)]
  0x0000023d884ba800 JavaThread "Cache worker for execution history cache (D:\EngineerBabu\EngineerBabuProjects\event365host - Copy\.gradle\6.7.1\executionHistory)" [_thread_blocked, id=11764, stack(0x000000e4a8f00000,0x000000e4a9000000)]

Other Threads:
=>0x0000023dffa70000 VMThread "VM Thread" [stack: 0x000000e49da00000,0x000000e49db00000] [id=12948]
  0x0000023dffd7c800 WatcherThread [stack: 0x000000e49e400000,0x000000e49e500000] [id=8440]
  0x0000023de692d800 GCTaskThread "GC Thread#0" [stack: 0x000000e49d500000,0x000000e49d600000] [id=17476]
  0x0000023d80dcb800 GCTaskThread "GC Thread#1" [stack: 0x000000e49e500000,0x000000e49e600000] [id=15080]
  0x0000023d82a30000 GCTaskThread "GC Thread#2" [stack: 0x000000e49f200000,0x000000e49f300000] [id=1860]
  0x0000023d82188000 GCTaskThread "GC Thread#3" [stack: 0x000000e49f300000,0x000000e49f400000] [id=16444]
  0x0000023d82189000 GCTaskThread "GC Thread#4" [stack: 0x000000e49f400000,0x000000e49f500000] [id=9628]
  0x0000023d82206800 GCTaskThread "GC Thread#5" [stack: 0x000000e49f500000,0x000000e49f600000] [id=2052]
  0x0000023d82a1f800 GCTaskThread "GC Thread#6" [stack: 0x000000e49f600000,0x000000e49f700000] [id=6628]
  0x0000023d82a20000 GCTaskThread "GC Thread#7" [stack: 0x000000e49f700000,0x000000e49f800000] [id=16312]
  0x0000023de6954000 ConcurrentGCThread "G1 Main Marker" [stack: 0x000000e49d600000,0x000000e49d700000] [id=18396]
  0x0000023de6958000 ConcurrentGCThread "G1 Conc#0" [stack: 0x000000e49d700000,0x000000e49d800000] [id=3872]
  0x0000023d82a1b000 ConcurrentGCThread "G1 Conc#1" [stack: 0x000000e49fa00000,0x000000e49fb00000] [id=9324]
  0x0000023de69e7000 ConcurrentGCThread "G1 Refine#0" [stack: 0x000000e49d800000,0x000000e49d900000] [id=15808]
  0x0000023de69e8000 ConcurrentGCThread "G1 Young RemSet Sampling" [stack: 0x000000e49d900000,0x000000e49da00000] [id=21232]

Threads with active compile tasks:
C2 CompilerThread0  79426 12057       4       com.google.gson.stream.JsonReader::nextQuotedValue (271 bytes)

VM state:at safepoint (normal execution)

VM Mutex/Monitor currently owned by a thread:  ([mutex/lock_event])
[0x0000023de6918de0] Threads_lock - owner thread: 0x0000023dffa70000
[0x0000023de6918570] Heap_lock - owner thread: 0x0000023dffec3000

Heap address: 0x00000000a0000000, size: 1536 MB, Compressed Oops mode: 32-bit
Narrow klass base: 0x0000000000000000, Narrow klass shift: 3
Compressed class space size: 1073741824 Address: 0x0000000100000000

Heap:
 garbage-first heap   total 336896K, used 147701K [0x00000000a0000000, 0x0000000100000000)
  region size 1024K, 5 young (5120K), 5 survivors (5120K)
 Metaspace       used 90292K, capacity 92568K, committed 93004K, reserved 1130496K
  class space    used 11548K, capacity 12406K, committed 12620K, reserved 1048576K
Heap Regions: E=young(eden), S=young(survivor), O=old, HS=humongous(starts), HC=humongous(continues), CS=collection set, F=free, A=archive, TAMS=top-at-mark-start (previous, next)
|   0|0x00000000a0000000, 0x00000000a0100000, 0x00000000a0100000|100%| O|  |TAMS 0x00000000a0100000, 0x00000000a0000000| Untracked 
|   1|0x00000000a0100000, 0x00000000a0200000, 0x00000000a0200000|100%| O|  |TAMS 0x00000000a0200000, 0x00000000a0100000| Untracked 
|   2|0x00000000a0200000, 0x00000000a0300000, 0x00000000a0300000|100%| O|  |TAMS 0x00000000a0300000, 0x00000000a0200000| Untracked 
|   3|0x00000000a0300000, 0x00000000a0400000, 0x00000000a0400000|100%|HS|  |TAMS 0x00000000a0400000, 0x00000000a0300000| Complete 
|   4|0x00000000a0400000, 0x00000000a0500000, 0x00000000a0500000|100%|HC|  |TAMS 0x00000000a0500000, 0x00000000a0400000| Complete 
|   5|0x00000000a0500000, 0x00000000a0600000, 0x00000000a0600000|100%|HC|  |TAMS 0x00000000a0600000, 0x00000000a0500000| Complete 
|   6|0x00000000a0600000, 0x00000000a0700000, 0x00000000a0700000|100%| O|  |TAMS 0x00000000a0700000, 0x00000000a0600000| Untracked 
|   7|0x00000000a0700000, 0x00000000a0800000, 0x00000000a0800000|100%| O|  |TAMS 0x00000000a0800000, 0x00000000a0700000| Untracked 
|   8|0x00000000a0800000, 0x00000000a0900000, 0x00000000a0900000|100%| O|  |TAMS 0x00000000a0900000, 0x00000000a0800000| Untracked 
|   9|0x00000000a0900000, 0x00000000a0a00000, 0x00000000a0a00000|100%| O|  |TAMS 0x00000000a0a00000, 0x00000000a0900000| Untracked 
|  10|0x00000000a0a00000, 0x00000000a0b00000, 0x00000000a0b00000|100%| O|  |TAMS 0x00000000a0b00000, 0x00000000a0a00000| Untracked 
|  11|0x00000000a0b00000, 0x00000000a0c00000, 0x00000000a0c00000|100%| O|  |TAMS 0x00000000a0c00000, 0x00000000a0b00000| Untracked 
|  12|0x00000000a0c00000, 0x00000000a0d00000, 0x00000000a0d00000|100%| O|  |TAMS 0x00000000a0d00000, 0x00000000a0c00000| Untracked 
|  13|0x00000000a0d00000, 0x00000000a0e00000, 0x00000000a0e00000|100%| O|  |TAMS 0x00000000a0e00000, 0x00000000a0d00000| Untracked 
|  14|0x00000000a0e00000, 0x00000000a0f00000, 0x00000000a0f00000|100%| O|  |TAMS 0x00000000a0f00000, 0x00000000a0e00000| Untracked 
|  15|0x00000000a0f00000, 0x00000000a1000000, 0x00000000a1000000|100%| O|  |TAMS 0x00000000a1000000, 0x00000000a0f00000| Untracked 
|  16|0x00000000a1000000, 0x00000000a1100000, 0x00000000a1100000|100%| O|  |TAMS 0x00000000a1100000, 0x00000000a1000000| Untracked 
|  17|0x00000000a1100000, 0x00000000a1200000, 0x00000000a1200000|100%| O|  |TAMS 0x00000000a1200000, 0x00000000a1100000| Untracked 
|  18|0x00000000a1200000, 0x00000000a1300000, 0x00000000a1300000|100%| O|  |TAMS 0x00000000a1300000, 0x00000000a1200000| Untracked 
|  19|0x00000000a1300000, 0x00000000a1400000, 0x00000000a1400000|100%| O|  |TAMS 0x00000000a1400000, 0x00000000a1300000| Untracked 
|  20|0x00000000a1400000, 0x00000000a1500000, 0x00000000a1500000|100%| O|  |TAMS 0x00000000a1500000, 0x00000000a1400000| Untracked 
|  21|0x00000000a1500000, 0x00000000a1600000, 0x00000000a1600000|100%| O|  |TAMS 0x00000000a1600000, 0x00000000a1500000| Untracked 
|  22|0x00000000a1600000, 0x00000000a1700000, 0x00000000a1700000|100%| O|  |TAMS 0x00000000a1700000, 0x00000000a1600000| Untracked 
|  23|0x00000000a1700000, 0x00000000a1800000, 0x00000000a1800000|100%| O|  |TAMS 0x00000000a1800000, 0x00000000a1700000| Untracked 
|  24|0x00000000a1800000, 0x00000000a1900000, 0x00000000a1900000|100%| O|  |TAMS 0x00000000a1900000, 0x00000000a1800000| Untracked 
|  25|0x00000000a1900000, 0x00000000a1a00000, 0x00000000a1a00000|100%| O|  |TAMS 0x00000000a1a00000, 0x00000000a1900000| Untracked 
|  26|0x00000000a1a00000, 0x00000000a1b00000, 0x00000000a1b00000|100%|HS|  |TAMS 0x00000000a1b00000, 0x00000000a1a00000| Complete 
|  27|0x00000000a1b00000, 0x00000000a1c00000, 0x00000000a1c00000|100%|HS|  |TAMS 0x00000000a1c00000, 0x00000000a1b00000| Complete 
|  28|0x00000000a1c00000, 0x00000000a1d00000, 0x00000000a1d00000|100%|HC|  |TAMS 0x00000000a1d00000, 0x00000000a1c00000| Complete 
|  29|0x00000000a1d00000, 0x00000000a1e00000, 0x00000000a1e00000|100%|HC|  |TAMS 0x00000000a1e00000, 0x00000000a1d00000| Complete 
|  30|0x00000000a1e00000, 0x00000000a1f00000, 0x00000000a1f00000|100%|HS|  |TAMS 0x00000000a1f00000, 0x00000000a1e00000| Complete 
|  31|0x00000000a1f00000, 0x00000000a2000000, 0x00000000a2000000|100%|HC|  |TAMS 0x00000000a2000000, 0x00000000a1f00000| Complete 
|  32|0x00000000a2000000, 0x00000000a2100000, 0x00000000a2100000|100%| O|  |TAMS 0x00000000a2100000, 0x00000000a2000000| Untracked 
|  33|0x00000000a2100000, 0x00000000a2200000, 0x00000000a2200000|100%| O|  |TAMS 0x00000000a2200000, 0x00000000a2100000| Untracked 
|  34|0x00000000a2200000, 0x00000000a2300000, 0x00000000a2300000|100%| O|  |TAMS 0x00000000a2300000, 0x00000000a2200000| Untracked 
|  35|0x00000000a2300000, 0x00000000a2400000, 0x00000000a2400000|100%| O|  |TAMS 0x00000000a2400000, 0x00000000a2300000| Untracked 
|  36|0x00000000a2400000, 0x00000000a2500000, 0x00000000a2500000|100%| O|  |TAMS 0x00000000a2500000, 0x00000000a2400000| Untracked 
|  37|0x00000000a2500000, 0x00000000a2600000, 0x00000000a2600000|100%| O|  |TAMS 0x00000000a2600000, 0x00000000a2500000| Untracked 
|  38|0x00000000a2600000, 0x00000000a2700000, 0x00000000a2700000|100%| O|  |TAMS 0x00000000a2700000, 0x00000000a2600000| Untracked 
|  39|0x00000000a2700000, 0x00000000a2800000, 0x00000000a2800000|100%| O|  |TAMS 0x00000000a2800000, 0x00000000a2700000| Untracked 
|  40|0x00000000a2800000, 0x00000000a2900000, 0x00000000a2900000|100%| O|  |TAMS 0x00000000a2900000, 0x00000000a2800000| Untracked 
|  41|0x00000000a2900000, 0x00000000a2a00000, 0x00000000a2a00000|100%| O|  |TAMS 0x00000000a2a00000, 0x00000000a2900000| Untracked 
|  42|0x00000000a2a00000, 0x00000000a2b00000, 0x00000000a2b00000|100%| O|  |TAMS 0x00000000a2b00000, 0x00000000a2a00000| Untracked 
|  43|0x00000000a2b00000, 0x00000000a2c00000, 0x00000000a2c00000|100%| O|  |TAMS 0x00000000a2c00000, 0x00000000a2b00000| Untracked 
|  44|0x00000000a2c00000, 0x00000000a2d00000, 0x00000000a2d00000|100%| O|  |TAMS 0x00000000a2d00000, 0x00000000a2c00000| Untracked 
|  45|0x00000000a2d00000, 0x00000000a2e00000, 0x00000000a2e00000|100%| O|  |TAMS 0x00000000a2e00000, 0x00000000a2d00000| Untracked 
|  46|0x00000000a2e00000, 0x00000000a2f00000, 0x00000000a2f00000|100%| O|  |TAMS 0x00000000a2f00000, 0x00000000a2e00000| Untracked 
|  47|0x00000000a2f00000, 0x00000000a3000000, 0x00000000a3000000|100%| O|  |TAMS 0x00000000a3000000, 0x00000000a2f00000| Untracked 
|  48|0x00000000a3000000, 0x00000000a3100000, 0x00000000a3100000|100%| O|  |TAMS 0x00000000a3100000, 0x00000000a3000000| Untracked 
|  49|0x00000000a3100000, 0x00000000a3200000, 0x00000000a3200000|100%| O|  |TAMS 0x00000000a3200000, 0x00000000a3100000| Untracked 
|  50|0x00000000a3200000, 0x00000000a3300000, 0x00000000a3300000|100%| O|  |TAMS 0x00000000a3300000, 0x00000000a3200000| Untracked 
|  51|0x00000000a3300000, 0x00000000a3400000, 0x00000000a3400000|100%| O|  |TAMS 0x00000000a3400000, 0x00000000a3300000| Untracked 
|  52|0x00000000a3400000, 0x00000000a3500000, 0x00000000a3500000|100%| O|  |TAMS 0x00000000a3500000, 0x00000000a3400000| Untracked 
|  53|0x00000000a3500000, 0x00000000a3600000, 0x00000000a3600000|100%| O|  |TAMS 0x00000000a3600000, 0x00000000a3500000| Untracked 
|  54|0x00000000a3600000, 0x00000000a3700000, 0x00000000a3700000|100%| O|  |TAMS 0x00000000a3700000, 0x00000000a3600000| Untracked 
|  55|0x00000000a3700000, 0x00000000a3800000, 0x00000000a3800000|100%| O|  |TAMS 0x00000000a3800000, 0x00000000a3700000| Untracked 
|  56|0x00000000a3800000, 0x00000000a3900000, 0x00000000a3900000|100%| O|  |TAMS 0x00000000a3900000, 0x00000000a3800000| Untracked 
|  57|0x00000000a3900000, 0x00000000a3a00000, 0x00000000a3a00000|100%| O|  |TAMS 0x00000000a3a00000, 0x00000000a3900000| Untracked 
|  58|0x00000000a3a00000, 0x00000000a3b00000, 0x00000000a3b00000|100%| O|  |TAMS 0x00000000a3b00000, 0x00000000a3a00000| Untracked 
|  59|0x00000000a3b00000, 0x00000000a3c00000, 0x00000000a3c00000|100%| O|  |TAMS 0x00000000a3c00000, 0x00000000a3b00000| Untracked 
|  60|0x00000000a3c00000, 0x00000000a3d00000, 0x00000000a3d00000|100%| O|  |TAMS 0x00000000a3d00000, 0x00000000a3c00000| Untracked 
|  61|0x00000000a3d00000, 0x00000000a3e00000, 0x00000000a3e00000|100%| O|  |TAMS 0x00000000a3e00000, 0x00000000a3d00000| Untracked 
|  62|0x00000000a3e00000, 0x00000000a3f00000, 0x00000000a3f00000|100%| O|  |TAMS 0x00000000a3f00000, 0x00000000a3e00000| Untracked 
|  63|0x00000000a3f00000, 0x00000000a4000000, 0x00000000a4000000|100%| O|  |TAMS 0x00000000a4000000, 0x00000000a3f00000| Untracked 
|  64|0x00000000a4000000, 0x00000000a4100000, 0x00000000a4100000|100%| O|  |TAMS 0x00000000a4100000, 0x00000000a4000000| Untracked 
|  65|0x00000000a4100000, 0x00000000a4200000, 0x00000000a4200000|100%| O|  |TAMS 0x00000000a4200000, 0x00000000a4100000| Untracked 
|  66|0x00000000a4200000, 0x00000000a4300000, 0x00000000a4300000|100%| O|  |TAMS 0x00000000a4300000, 0x00000000a4200000| Untracked 
|  67|0x00000000a4300000, 0x00000000a4400000, 0x00000000a4400000|100%| O|  |TAMS 0x00000000a4400000, 0x00000000a4300000| Untracked 
|  68|0x00000000a4400000, 0x00000000a4500000, 0x00000000a4500000|100%| O|  |TAMS 0x00000000a4500000, 0x00000000a4400000| Untracked 
|  69|0x00000000a4500000, 0x00000000a4600000, 0x00000000a4600000|100%| O|  |TAMS 0x00000000a4600000, 0x00000000a4500000| Untracked 
|  70|0x00000000a4600000, 0x00000000a4700000, 0x00000000a4700000|100%| O|  |TAMS 0x00000000a4700000, 0x00000000a4600000| Untracked 
|  71|0x00000000a4700000, 0x00000000a4800000, 0x00000000a4800000|100%| O|  |TAMS 0x00000000a4800000, 0x00000000a4700000| Untracked 
|  72|0x00000000a4800000, 0x00000000a4900000, 0x00000000a4900000|100%| O|  |TAMS 0x00000000a4900000, 0x00000000a4800000| Untracked 
|  73|0x00000000a4900000, 0x00000000a4a00000, 0x00000000a4a00000|100%| O|  |TAMS 0x00000000a4a00000, 0x00000000a4900000| Untracked 
|  74|0x00000000a4a00000, 0x00000000a4b00000, 0x00000000a4b00000|100%| O|  |TAMS 0x00000000a4b00000, 0x00000000a4a00000| Untracked 
|  75|0x00000000a4b00000, 0x00000000a4c00000, 0x00000000a4c00000|100%| O|  |TAMS 0x00000000a4c00000, 0x00000000a4b00000| Untracked 
|  76|0x00000000a4c00000, 0x00000000a4d00000, 0x00000000a4d00000|100%| O|  |TAMS 0x00000000a4d00000, 0x00000000a4c00000| Untracked 
|  77|0x00000000a4d00000, 0x00000000a4e00000, 0x00000000a4e00000|100%| O|  |TAMS 0x00000000a4e00000, 0x00000000a4d00000| Untracked 
|  78|0x00000000a4e00000, 0x00000000a4f00000, 0x00000000a4f00000|100%| O|  |TAMS 0x00000000a4f00000, 0x00000000a4e00000| Untracked 
|  79|0x00000000a4f00000, 0x00000000a5000000, 0x00000000a5000000|100%| O|  |TAMS 0x00000000a5000000, 0x00000000a4f00000| Untracked 
|  80|0x00000000a5000000, 0x00000000a5100000, 0x00000000a5100000|100%| O|  |TAMS 0x00000000a5100000, 0x00000000a5000000| Untracked 
|  81|0x00000000a5100000, 0x00000000a5200000, 0x00000000a5200000|100%| O|  |TAMS 0x00000000a5200000, 0x00000000a5100000| Untracked 
|  82|0x00000000a5200000, 0x00000000a5300000, 0x00000000a5300000|100%| O|  |TAMS 0x00000000a5300000, 0x00000000a5200000| Untracked 
|  83|0x00000000a5300000, 0x00000000a5400000, 0x00000000a5400000|100%| O|  |TAMS 0x00000000a5300000, 0x00000000a5300000| Untracked 
|  84|0x00000000a5400000, 0x00000000a5500000, 0x00000000a5500000|100%| O|  |TAMS 0x00000000a5500000, 0x00000000a5400000| Untracked 
|  85|0x00000000a5500000, 0x00000000a5600000, 0x00000000a5600000|100%| O|  |TAMS 0x00000000a5600000, 0x00000000a5500000| Untracked 
|  86|0x00000000a5600000, 0x00000000a5700000, 0x00000000a5700000|100%| O|  |TAMS 0x00000000a5700000, 0x00000000a5600000| Untracked 
|  87|0x00000000a5700000, 0x00000000a5800000, 0x00000000a5800000|100%| O|  |TAMS 0x00000000a5800000, 0x00000000a5700000| Untracked 
|  88|0x00000000a5800000, 0x00000000a5900000, 0x00000000a5900000|100%| O|  |TAMS 0x00000000a5900000, 0x00000000a5800000| Untracked 
|  89|0x00000000a5900000, 0x00000000a5a00000, 0x00000000a5a00000|100%| O|  |TAMS 0x00000000a5a00000, 0x00000000a5900000| Untracked 
|  90|0x00000000a5a00000, 0x00000000a5b00000, 0x00000000a5b00000|100%| O|  |TAMS 0x00000000a5a00000, 0x00000000a5a00000| Untracked 
|  91|0x00000000a5b00000, 0x00000000a5c00000, 0x00000000a5c00000|100%| O|  |TAMS 0x00000000a5c00000, 0x00000000a5b00000| Untracked 
|  92|0x00000000a5c00000, 0x00000000a5d00000, 0x00000000a5d00000|100%| O|  |TAMS 0x00000000a5d00000, 0x00000000a5c00000| Untracked 
|  93|0x00000000a5d00000, 0x00000000a5e00000, 0x00000000a5e00000|100%| O|  |TAMS 0x00000000a5e00000, 0x00000000a5d00000| Untracked 
|  94|0x00000000a5e00000, 0x00000000a5f00000, 0x00000000a5f00000|100%| O|  |TAMS 0x00000000a5f00000, 0x00000000a5e00000| Untracked 
|  95|0x00000000a5f00000, 0x00000000a6000000, 0x00000000a6000000|100%| O|  |TAMS 0x00000000a6000000, 0x00000000a5f00000| Untracked 
|  96|0x00000000a6000000, 0x00000000a6100000, 0x00000000a6100000|100%| O|  |TAMS 0x00000000a6100000, 0x00000000a6000000| Untracked 
|  97|0x00000000a6100000, 0x00000000a6200000, 0x00000000a6200000|100%| O|  |TAMS 0x00000000a6200000, 0x00000000a6100000| Untracked 
|  98|0x00000000a6200000, 0x00000000a6300000, 0x00000000a6300000|100%| O|  |TAMS 0x00000000a62ad600, 0x00000000a6200000| Untracked 
|  99|0x00000000a6300000, 0x00000000a6400000, 0x00000000a6400000|100%| O|  |TAMS 0x00000000a6300000, 0x00000000a6300000| Untracked 
| 100|0x00000000a6400000, 0x00000000a6500000, 0x00000000a6500000|100%| O|  |TAMS 0x00000000a6400000, 0x00000000a6400000| Untracked 
| 101|0x00000000a6500000, 0x00000000a6600000, 0x00000000a6600000|100%| O|  |TAMS 0x00000000a6500000, 0x00000000a6500000| Untracked 
| 102|0x00000000a6600000, 0x00000000a6700000, 0x00000000a6700000|100%| O|  |TAMS 0x00000000a6600000, 0x00000000a6600000| Untracked 
| 103|0x00000000a6700000, 0x00000000a6800000, 0x00000000a6800000|100%| O|  |TAMS 0x00000000a6700000, 0x00000000a6700000| Untracked 
| 104|0x00000000a6800000, 0x00000000a6900000, 0x00000000a6900000|100%| O|  |TAMS 0x00000000a6800000, 0x00000000a6800000| Untracked 
| 105|0x00000000a6900000, 0x00000000a6a00000, 0x00000000a6a00000|100%| O|  |TAMS 0x00000000a6900000, 0x00000000a6900000| Untracked 
| 106|0x00000000a6a00000, 0x00000000a6b00000, 0x00000000a6b00000|100%| O|  |TAMS 0x00000000a6a00000, 0x00000000a6a00000| Untracked 
| 107|0x00000000a6b00000, 0x00000000a6c00000, 0x00000000a6c00000|100%| O|  |TAMS 0x00000000a6b00000, 0x00000000a6b00000| Untracked 
| 108|0x00000000a6c00000, 0x00000000a6d00000, 0x00000000a6d00000|100%| O|  |TAMS 0x00000000a6c00000, 0x00000000a6c00000| Untracked 
| 109|0x00000000a6d00000, 0x00000000a6e00000, 0x00000000a6e00000|100%| O|  |TAMS 0x00000000a6d00000, 0x00000000a6d00000| Untracked 
| 110|0x00000000a6e00000, 0x00000000a6f00000, 0x00000000a6f00000|100%| O|  |TAMS 0x00000000a6e00000, 0x00000000a6e00000| Untracked 
| 111|0x00000000a6f00000, 0x00000000a7000000, 0x00000000a7000000|100%| O|  |TAMS 0x00000000a6f00000, 0x00000000a6f00000| Untracked 
| 112|0x00000000a7000000, 0x00000000a7100000, 0x00000000a7100000|100%| O|  |TAMS 0x00000000a7000000, 0x00000000a7000000| Untracked 
| 113|0x00000000a7100000, 0x00000000a7200000, 0x00000000a7200000|100%| O|  |TAMS 0x00000000a7100000, 0x00000000a7100000| Untracked 
| 114|0x00000000a7200000, 0x00000000a7300000, 0x00000000a7300000|100%| O|  |TAMS 0x00000000a7200000, 0x00000000a7200000| Untracked 
| 115|0x00000000a7300000, 0x00000000a7400000, 0x00000000a7400000|100%| O|  |TAMS 0x00000000a7300000, 0x00000000a7300000| Untracked 
| 116|0x00000000a7400000, 0x00000000a7500000, 0x00000000a7500000|100%| O|  |TAMS 0x00000000a7400000, 0x00000000a7400000| Untracked 
| 117|0x00000000a7500000, 0x00000000a7600000, 0x00000000a7600000|100%| O|  |TAMS 0x00000000a7500000, 0x00000000a7500000| Untracked 
| 118|0x00000000a7600000, 0x00000000a7700000, 0x00000000a7700000|100%| O|  |TAMS 0x00000000a7600000, 0x00000000a7600000| Untracked 
| 119|0x00000000a7700000, 0x00000000a7800000, 0x00000000a7800000|100%| O|  |TAMS 0x00000000a7700000, 0x00000000a7700000| Untracked 
| 120|0x00000000a7800000, 0x00000000a7900000, 0x00000000a7900000|100%| O|  |TAMS 0x00000000a7800000, 0x00000000a7800000| Untracked 
| 121|0x00000000a7900000, 0x00000000a7a00000, 0x00000000a7a00000|100%| O|  |TAMS 0x00000000a7900000, 0x00000000a7900000| Untracked 
| 122|0x00000000a7a00000, 0x00000000a7b00000, 0x00000000a7b00000|100%| O|  |TAMS 0x00000000a7a00000, 0x00000000a7a00000| Untracked 
| 123|0x00000000a7b00000, 0x00000000a7c00000, 0x00000000a7c00000|100%| O|  |TAMS 0x00000000a7b00000, 0x00000000a7b00000| Untracked 
| 124|0x00000000a7c00000, 0x00000000a7d00000, 0x00000000a7d00000|100%| O|  |TAMS 0x00000000a7c00000, 0x00000000a7c00000| Untracked 
| 125|0x00000000a7d00000, 0x00000000a7e00000, 0x00000000a7e00000|100%| O|  |TAMS 0x00000000a7d00000, 0x00000000a7d00000| Untracked 
| 126|0x00000000a7e00000, 0x00000000a7f00000, 0x00000000a7f00000|100%| O|  |TAMS 0x00000000a7e00000, 0x00000000a7e00000| Untracked 
| 127|0x00000000a7f00000, 0x00000000a8000000, 0x00000000a8000000|100%| O|  |TAMS 0x00000000a7f00000, 0x00000000a7f00000| Untracked 
| 128|0x00000000a8000000, 0x00000000a8100000, 0x00000000a8100000|100%| O|  |TAMS 0x00000000a8000000, 0x00000000a8000000| Untracked 
| 129|0x00000000a8100000, 0x00000000a8200000, 0x00000000a8200000|100%| O|  |TAMS 0x00000000a8100000, 0x00000000a8100000| Untracked 
| 130|0x00000000a8200000, 0x00000000a8300000, 0x00000000a8300000|100%| O|  |TAMS 0x00000000a8200000, 0x00000000a8200000| Untracked 
| 131|0x00000000a8300000, 0x00000000a8400000, 0x00000000a8400000|100%| O|  |TAMS 0x00000000a8300000, 0x00000000a8300000| Untracked 
| 132|0x00000000a8400000, 0x00000000a8500000, 0x00000000a8500000|100%| O|  |TAMS 0x00000000a8400000, 0x00000000a8400000| Untracked 
| 133|0x00000000a8500000, 0x00000000a8600000, 0x00000000a8600000|100%|HS|  |TAMS 0x00000000a8500000, 0x00000000a8500000| Complete 
| 134|0x00000000a8600000, 0x00000000a8700000, 0x00000000a8700000|100%|HC|  |TAMS 0x00000000a8600000, 0x00000000a8600000| Complete 
| 135|0x00000000a8700000, 0x00000000a8724800, 0x00000000a8800000| 14%| O|  |TAMS 0x00000000a8700000, 0x00000000a8700000| Untracked 
| 136|0x00000000a8800000, 0x00000000a8800000, 0x00000000a8900000|  0%| F|  |TAMS 0x00000000a8800000, 0x00000000a8800000| Untracked 
| 137|0x00000000a8900000, 0x00000000a8a00000, 0x00000000a8a00000|100%| O|  |TAMS 0x00000000a8900000, 0x00000000a8900000| Untracked 
| 138|0x00000000a8a00000, 0x00000000a8b00000, 0x00000000a8b00000|100%| O|  |TAMS 0x00000000a8a00000, 0x00000000a8a00000| Untracked 
| 139|0x00000000a8b00000, 0x00000000a8c00000, 0x00000000a8c00000|100%| O|  |TAMS 0x00000000a8b00000, 0x00000000a8b00000| Untracked 
| 140|0x00000000a8c00000, 0x00000000a8d00000, 0x00000000a8d00000|100%| O|  |TAMS 0x00000000a8c00000, 0x00000000a8c00000| Untracked 
| 141|0x00000000a8d00000, 0x00000000a8e00000, 0x00000000a8e00000|100%| O|  |TAMS 0x00000000a8d00000, 0x00000000a8d00000| Untracked 
| 142|0x00000000a8e00000, 0x00000000a8e00000, 0x00000000a8f00000|  0%| F|  |TAMS 0x00000000a8e00000, 0x00000000a8e00000| Untracked 
| 143|0x00000000a8f00000, 0x00000000a8f00000, 0x00000000a9000000|  0%| F|  |TAMS 0x00000000a8f00000, 0x00000000a8f00000| Untracked 
| 144|0x00000000a9000000, 0x00000000a9000000, 0x00000000a9100000|  0%| F|  |TAMS 0x00000000a9000000, 0x00000000a9000000| Untracked 
| 145|0x00000000a9100000, 0x00000000a9100000, 0x00000000a9200000|  0%| F|  |TAMS 0x00000000a9100000, 0x00000000a9100000| Untracked 
| 146|0x00000000a9200000, 0x00000000a9200000, 0x00000000a9300000|  0%| F|  |TAMS 0x00000000a9200000, 0x00000000a9200000| Untracked 
| 147|0x00000000a9300000, 0x00000000a9300000, 0x00000000a9400000|  0%| F|  |TAMS 0x00000000a9300000, 0x00000000a9300000| Untracked 
| 148|0x00000000a9400000, 0x00000000a9400000, 0x00000000a9500000|  0%| F|  |TAMS 0x00000000a9400000, 0x00000000a9400000| Untracked 
| 149|0x00000000a9500000, 0x00000000a9500000, 0x00000000a9600000|  0%| F|  |TAMS 0x00000000a9500000, 0x00000000a9500000| Untracked 
| 150|0x00000000a9600000, 0x00000000a9600000, 0x00000000a9700000|  0%| F|  |TAMS 0x00000000a9600000, 0x00000000a9600000| Untracked 
| 151|0x00000000a9700000, 0x00000000a9700000, 0x00000000a9800000|  0%| F|  |TAMS 0x00000000a9700000, 0x00000000a9700000| Untracked 
| 152|0x00000000a9800000, 0x00000000a9800000, 0x00000000a9900000|  0%| F|  |TAMS 0x00000000a9800000, 0x00000000a9800000| Untracked 
| 153|0x00000000a9900000, 0x00000000a9900000, 0x00000000a9a00000|  0%| F|  |TAMS 0x00000000a9900000, 0x00000000a9900000| Untracked 
| 154|0x00000000a9a00000, 0x00000000a9a00000, 0x00000000a9b00000|  0%| F|  |TAMS 0x00000000a9a00000, 0x00000000a9a00000| Untracked 
| 155|0x00000000a9b00000, 0x00000000a9b00000, 0x00000000a9c00000|  0%| F|  |TAMS 0x00000000a9b00000, 0x00000000a9b00000| Untracked 
| 156|0x00000000a9c00000, 0x00000000a9c00000, 0x00000000a9d00000|  0%| F|  |TAMS 0x00000000a9c00000, 0x00000000a9c00000| Untracked 
| 157|0x00000000a9d00000, 0x00000000a9d00000, 0x00000000a9e00000|  0%| F|  |TAMS 0x00000000a9d00000, 0x00000000a9d00000| Untracked 
| 158|0x00000000a9e00000, 0x00000000a9e00000, 0x00000000a9f00000|  0%| F|  |TAMS 0x00000000a9e00000, 0x00000000a9e00000| Untracked 
| 159|0x00000000a9f00000, 0x00000000a9f00000, 0x00000000aa000000|  0%| F|  |TAMS 0x00000000a9f00000, 0x00000000a9f00000| Untracked 
| 160|0x00000000aa000000, 0x00000000aa000000, 0x00000000aa100000|  0%| F|  |TAMS 0x00000000aa000000, 0x00000000aa000000| Untracked 
| 161|0x00000000aa100000, 0x00000000aa100000, 0x00000000aa200000|  0%| F|  |TAMS 0x00000000aa100000, 0x00000000aa100000| Untracked 
| 162|0x00000000aa200000, 0x00000000aa200000, 0x00000000aa300000|  0%| F|  |TAMS 0x00000000aa200000, 0x00000000aa200000| Untracked 
| 163|0x00000000aa300000, 0x00000000aa300000, 0x00000000aa400000|  0%| F|  |TAMS 0x00000000aa300000, 0x00000000aa300000| Untracked 
| 164|0x00000000aa400000, 0x00000000aa400000, 0x00000000aa500000|  0%| F|  |TAMS 0x00000000aa400000, 0x00000000aa400000| Untracked 
| 165|0x00000000aa500000, 0x00000000aa500000, 0x00000000aa600000|  0%| F|  |TAMS 0x00000000aa500000, 0x00000000aa500000| Untracked 
| 166|0x00000000aa600000, 0x00000000aa600000, 0x00000000aa700000|  0%| F|  |TAMS 0x00000000aa600000, 0x00000000aa600000| Untracked 
| 167|0x00000000aa700000, 0x00000000aa700000, 0x00000000aa800000|  0%| F|  |TAMS 0x00000000aa700000, 0x00000000aa700000| Untracked 
| 168|0x00000000aa800000, 0x00000000aa800000, 0x00000000aa900000|  0%| F|  |TAMS 0x00000000aa800000, 0x00000000aa800000| Untracked 
| 169|0x00000000aa900000, 0x00000000aa900000, 0x00000000aaa00000|  0%| F|  |TAMS 0x00000000aa900000, 0x00000000aa900000| Untracked 
| 170|0x00000000aaa00000, 0x00000000aaa00000, 0x00000000aab00000|  0%| F|  |TAMS 0x00000000aaa00000, 0x00000000aaa00000| Untracked 
| 171|0x00000000aab00000, 0x00000000aab00000, 0x00000000aac00000|  0%| F|  |TAMS 0x00000000aab00000, 0x00000000aab00000| Untracked 
| 172|0x00000000aac00000, 0x00000000aac00000, 0x00000000aad00000|  0%| F|  |TAMS 0x00000000aac00000, 0x00000000aac00000| Untracked 
| 173|0x00000000aad00000, 0x00000000aad00000, 0x00000000aae00000|  0%| F|  |TAMS 0x00000000aad00000, 0x00000000aad00000| Untracked 
| 174|0x00000000aae00000, 0x00000000aae00000, 0x00000000aaf00000|  0%| F|  |TAMS 0x00000000aae00000, 0x00000000aae00000| Untracked 
| 175|0x00000000aaf00000, 0x00000000aaf00000, 0x00000000ab000000|  0%| F|  |TAMS 0x00000000aaf00000, 0x00000000aaf00000| Untracked 
| 176|0x00000000ab000000, 0x00000000ab000000, 0x00000000ab100000|  0%| F|  |TAMS 0x00000000ab000000, 0x00000000ab000000| Untracked 
| 177|0x00000000ab100000, 0x00000000ab100000, 0x00000000ab200000|  0%| F|  |TAMS 0x00000000ab100000, 0x00000000ab100000| Untracked 
| 178|0x00000000ab200000, 0x00000000ab200000, 0x00000000ab300000|  0%| F|  |TAMS 0x00000000ab200000, 0x00000000ab200000| Untracked 
| 179|0x00000000ab300000, 0x00000000ab300000, 0x00000000ab400000|  0%| F|  |TAMS 0x00000000ab300000, 0x00000000ab300000| Untracked 
| 180|0x00000000ab400000, 0x00000000ab400000, 0x00000000ab500000|  0%| F|  |TAMS 0x00000000ab400000, 0x00000000ab400000| Untracked 
| 181|0x00000000ab500000, 0x00000000ab518d70, 0x00000000ab600000|  9%| S|CS|TAMS 0x00000000ab500000, 0x00000000ab500000| Complete 
| 182|0x00000000ab600000, 0x00000000ab700000, 0x00000000ab700000|100%| S|CS|TAMS 0x00000000ab600000, 0x00000000ab600000| Complete 
| 183|0x00000000ab700000, 0x00000000ab800000, 0x00000000ab800000|100%| S|CS|TAMS 0x00000000ab700000, 0x00000000ab700000| Complete 
| 184|0x00000000ab800000, 0x00000000ab900000, 0x00000000ab900000|100%| S|CS|TAMS 0x00000000ab800000, 0x00000000ab800000| Complete 
| 185|0x00000000ab900000, 0x00000000ab900000, 0x00000000aba00000|  0%| F|  |TAMS 0x00000000ab900000, 0x00000000ab900000| Untracked 
| 186|0x00000000aba00000, 0x00000000aba00000, 0x00000000abb00000|  0%| F|  |TAMS 0x00000000aba00000, 0x00000000aba00000| Untracked 
| 187|0x00000000abb00000, 0x00000000abb00000, 0x00000000abc00000|  0%| F|  |TAMS 0x00000000abb00000, 0x00000000abb00000| Untracked 
| 188|0x00000000abc00000, 0x00000000abc00000, 0x00000000abd00000|  0%| F|  |TAMS 0x00000000abc00000, 0x00000000abc00000| Untracked 
| 189|0x00000000abd00000, 0x00000000abd00000, 0x00000000abe00000|  0%| F|  |TAMS 0x00000000abd00000, 0x00000000abd00000| Untracked 
| 190|0x00000000abe00000, 0x00000000abf00000, 0x00000000abf00000|100%| S|CS|TAMS 0x00000000abe00000, 0x00000000abe00000| Complete 
| 191|0x00000000abf00000, 0x00000000abf00000, 0x00000000ac000000|  0%| F|  |TAMS 0x00000000abf00000, 0x00000000abf00000| Untracked 
| 192|0x00000000ac000000, 0x00000000ac000000, 0x00000000ac100000|  0%| F|  |TAMS 0x00000000ac000000, 0x00000000ac000000| Untracked 
| 193|0x00000000ac100000, 0x00000000ac100000, 0x00000000ac200000|  0%| F|  |TAMS 0x00000000ac100000, 0x00000000ac100000| Untracked 
| 194|0x00000000ac200000, 0x00000000ac200000, 0x00000000ac300000|  0%| F|  |TAMS 0x00000000ac200000, 0x00000000ac200000| Untracked 
| 195|0x00000000ac300000, 0x00000000ac300000, 0x00000000ac400000|  0%| F|  |TAMS 0x00000000ac300000, 0x00000000ac300000| Untracked 
| 196|0x00000000ac400000, 0x00000000ac400000, 0x00000000ac500000|  0%| F|  |TAMS 0x00000000ac400000, 0x00000000ac400000| Untracked 
| 197|0x00000000ac500000, 0x00000000ac500000, 0x00000000ac600000|  0%| F|  |TAMS 0x00000000ac500000, 0x00000000ac500000| Untracked 
| 198|0x00000000ac600000, 0x00000000ac600000, 0x00000000ac700000|  0%| F|  |TAMS 0x00000000ac600000, 0x00000000ac600000| Untracked 
| 199|0x00000000ac700000, 0x00000000ac700000, 0x00000000ac800000|  0%| F|  |TAMS 0x00000000ac700000, 0x00000000ac700000| Untracked 
| 200|0x00000000ac800000, 0x00000000ac800000, 0x00000000ac900000|  0%| F|  |TAMS 0x00000000ac800000, 0x00000000ac800000| Untracked 
| 201|0x00000000ac900000, 0x00000000ac900000, 0x00000000aca00000|  0%| F|  |TAMS 0x00000000ac900000, 0x00000000ac900000| Untracked 
| 202|0x00000000aca00000, 0x00000000aca00000, 0x00000000acb00000|  0%| F|  |TAMS 0x00000000aca00000, 0x00000000aca00000| Untracked 
| 203|0x00000000acb00000, 0x00000000acb00000, 0x00000000acc00000|  0%| F|  |TAMS 0x00000000acb00000, 0x00000000acb00000| Untracked 
| 204|0x00000000acc00000, 0x00000000acc00000, 0x00000000acd00000|  0%| F|  |TAMS 0x00000000acc00000, 0x00000000acc00000| Untracked 
| 205|0x00000000acd00000, 0x00000000acd00000, 0x00000000ace00000|  0%| F|  |TAMS 0x00000000acd00000, 0x00000000acd00000| Untracked 
| 206|0x00000000ace00000, 0x00000000ace00000, 0x00000000acf00000|  0%| F|  |TAMS 0x00000000ace00000, 0x00000000ace00000| Untracked 
| 207|0x00000000acf00000, 0x00000000acf00000, 0x00000000ad000000|  0%| F|  |TAMS 0x00000000acf00000, 0x00000000acf00000| Untracked 
| 208|0x00000000ad000000, 0x00000000ad000000, 0x00000000ad100000|  0%| F|  |TAMS 0x00000000ad000000, 0x00000000ad000000| Untracked 
| 209|0x00000000ad100000, 0x00000000ad100000, 0x00000000ad200000|  0%| F|  |TAMS 0x00000000ad100000, 0x00000000ad100000| Untracked 
| 210|0x00000000ad200000, 0x00000000ad200000, 0x00000000ad300000|  0%| F|  |TAMS 0x00000000ad200000, 0x00000000ad200000| Untracked 
| 211|0x00000000ad300000, 0x00000000ad300000, 0x00000000ad400000|  0%| F|  |TAMS 0x00000000ad300000, 0x00000000ad300000| Untracked 
| 212|0x00000000ad400000, 0x00000000ad400000, 0x00000000ad500000|  0%| F|  |TAMS 0x00000000ad400000, 0x00000000ad400000| Untracked 
| 213|0x00000000ad500000, 0x00000000ad500000, 0x00000000ad600000|  0%| F|  |TAMS 0x00000000ad500000, 0x00000000ad500000| Untracked 
| 214|0x00000000ad600000, 0x00000000ad600000, 0x00000000ad700000|  0%| F|  |TAMS 0x00000000ad600000, 0x00000000ad600000| Untracked 
| 215|0x00000000ad700000, 0x00000000ad700000, 0x00000000ad800000|  0%| F|  |TAMS 0x00000000ad700000, 0x00000000ad700000| Untracked 
| 216|0x00000000ad800000, 0x00000000ad800000, 0x00000000ad900000|  0%| F|  |TAMS 0x00000000ad800000, 0x00000000ad800000| Untracked 
| 217|0x00000000ad900000, 0x00000000ad900000, 0x00000000ada00000|  0%| F|  |TAMS 0x00000000ad900000, 0x00000000ad900000| Untracked 
| 218|0x00000000ada00000, 0x00000000ada00000, 0x00000000adb00000|  0%| F|  |TAMS 0x00000000ada00000, 0x00000000ada00000| Untracked 
| 219|0x00000000adb00000, 0x00000000adb00000, 0x00000000adc00000|  0%| F|  |TAMS 0x00000000adb00000, 0x00000000adb00000| Untracked 

Card table byte_map: [0x0000023df9a30000,0x0000023df9d30000] _byte_map_base: 0x0000023df9530000

Marking Bits (Prev, Next): (CMBitMap*) 0x0000023de694d438, (CMBitMap*) 0x0000023de694d470
 Prev Bits: [0x0000023dfa030000, 0x0000023dfb830000)
 Next Bits: [0x0000023dfb830000, 0x0000023dfd030000)

Polling page: 0x0000023de48c0000

Metaspace:

Usage:
  Non-class:     78.28 MB capacity,    76.90 MB ( 98%) used,     1.17 MB (  1%) free+waste,   221.19 KB ( <1%) overhead. 
      Class:     12.12 MB capacity,    11.28 MB ( 93%) used,   759.46 KB (  6%) free+waste,    98.00 KB ( <1%) overhead. 
       Both:     90.40 MB capacity,    88.18 MB ( 98%) used,     1.91 MB (  2%) free+waste,   319.19 KB ( <1%) overhead. 

Virtual space:
  Non-class space:       80.00 MB reserved,      78.50 MB ( 98%) committed 
      Class space:        1.00 GB reserved,      12.32 MB (  1%) committed 
             Both:        1.08 GB reserved,      90.82 MB (  8%) committed 

Chunk freelists:
   Non-Class:  158.00 KB
       Class:  106.00 KB
        Both:  264.00 KB

MaxMetaspaceSize: 17179869184.00 GB
CompressedClassSpaceSize: 1.00 GB

CodeHeap 'non-profiled nmethods': size=120000Kb used=5896Kb max_used=5896Kb free=114103Kb
 bounds [0x0000023df1ed0000, 0x0000023df24a0000, 0x0000023df9400000]
CodeHeap 'profiled nmethods': size=120000Kb used=24782Kb max_used=24782Kb free=95217Kb
 bounds [0x0000023dea9a0000, 0x0000023dec1e0000, 0x0000023df1ed0000]
CodeHeap 'non-nmethods': size=5760Kb used=2317Kb max_used=2353Kb free=3442Kb
 bounds [0x0000023dea400000, 0x0000023dea670000, 0x0000023dea9a0000]
 total_blobs=12737 nmethods=11831 adapters=816
 compilation: enabled
              stopped_count=0, restarted_count=0
 full_count=0

Compilation events (20 events):
Event: 79.326 Thread 0x0000023dffaa1000 12047       2       com.google.gson.stream.JsonReader::fillBuffer (169 bytes)
Event: 79.326 Thread 0x0000023dffaa1000 nmethod 12047 0x0000023dec1cf910 code [0x0000023dec1cfae0, 0x0000023dec1cfdf8]
Event: 79.327 Thread 0x0000023dffaa1000 12053       2       com.android.ide.common.blame.MergingLogPersistUtil::readCondensedPositions (79 bytes)
Event: 79.327 Thread 0x0000023dffaa1000 nmethod 12053 0x0000023dec1cff90 code [0x0000023dec1d0260, 0x0000023dec1d0d68]
Event: 79.329 Thread 0x0000023dffaa1000 12054       3       java.util.Iterator::forEachRemaining (30 bytes)
Event: 79.329 Thread 0x0000023dffaa1000 nmethod 12054 0x0000023dec1d1290 code [0x0000023dec1d14a0, 0x0000023dec1d19d8]
Event: 79.332 Thread 0x0000023dffaa1000 12055       2       com.google.common.base.Splitter::<init> (26 bytes)
Event: 79.332 Thread 0x0000023dffaa1000 nmethod 12055 0x0000023dec1d1b90 code [0x0000023dec1d1d40, 0x0000023dec1d1ef8]
Event: 79.332 Thread 0x0000023dffaa1000 12058   !   2       java.io.BufferedReader::read (140 bytes)
Event: 79.332 Thread 0x0000023dffaa1000 nmethod 12058 0x0000023dec1d1f90 code [0x0000023dec1d21c0, 0x0000023dec1d2848]
Event: 79.332 Thread 0x0000023dffaa1000 12059       2       java.io.BufferedReader::read1 (171 bytes)
Event: 79.333 Thread 0x0000023dffaa1000 nmethod 12059 0x0000023dec1d2c10 code [0x0000023dec1d2e00, 0x0000023dec1d3158]
Event: 79.359 Thread 0x0000023dffaa1000 12061       2       java.util.HashMap$Values::spliterator (16 bytes)
Event: 79.359 Thread 0x0000023dffaa1000 nmethod 12061 0x0000023dec1d3310 code [0x0000023dec1d34c0, 0x0000023dec1d3668]
Event: 79.359 Thread 0x0000023dffaa1000 12062       2       java.util.HashMap$ValueSpliterator::<init> (12 bytes)
Event: 79.359 Thread 0x0000023dffaa1000 nmethod 12062 0x0000023dec1d3790 code [0x0000023dec1d3940, 0x0000023dec1d3a98]
Event: 79.370 Thread 0x0000023dffa9b000 nmethod 11979 0x0000023df2489110 code [0x0000023df24895c0, 0x0000023df248e438]
Event: 79.370 Thread 0x0000023dffa9b000 12060       4       java.lang.Integer::parseInt (259 bytes)
Event: 79.378 Thread 0x0000023dffa9b000 nmethod 12060 0x0000023df2491410 code [0x0000023df24915e0, 0x0000023df2491d28]
Event: 79.378 Thread 0x0000023dffa9b000 12057       4       com.google.gson.stream.JsonReader::nextQuotedValue (271 bytes)

GC Heap History (20 events):
Event: 77.955 GC heap after
{Heap after GC invocations=43 (full 0):
 garbage-first heap   total 126976K, used 98187K [0x00000000a0000000, 0x0000000100000000)
  region size 1024K, 2 young (2048K), 2 survivors (2048K)
 Metaspace       used 88338K, capacity 90473K, committed 90956K, reserved 1128448K
  class space    used 11353K, capacity 12206K, committed 12364K, reserved 1048576K
}
Event: 78.010 GC heap before
{Heap before GC invocations=43 (full 0):
 garbage-first heap   total 126976K, used 106379K [0x00000000a0000000, 0x0000000100000000)
  region size 1024K, 11 young (11264K), 2 survivors (2048K)
 Metaspace       used 88404K, capacity 90554K, committed 90956K, reserved 1128448K
  class space    used 11353K, capacity 12206K, committed 12364K, reserved 1048576K
}
Event: 78.013 GC heap after
{Heap after GC invocations=44 (full 0):
 garbage-first heap   total 126976K, used 99015K [0x00000000a0000000, 0x0000000100000000)
  region size 1024K, 1 young (1024K), 1 survivors (1024K)
 Metaspace       used 88404K, capacity 90554K, committed 90956K, reserved 1128448K
  class space    used 11353K, capacity 12206K, committed 12364K, reserved 1048576K
}
Event: 78.058 GC heap before
{Heap before GC invocations=45 (full 0):
 garbage-first heap   total 126976K, used 107207K [0x00000000a0000000, 0x0000000100000000)
  region size 1024K, 10 young (10240K), 1 survivors (1024K)
 Metaspace       used 88415K, capacity 90619K, committed 91212K, reserved 1128448K
  class space    used 11353K, capacity 12206K, committed 12364K, reserved 1048576K
}
Event: 78.061 GC heap after
{Heap after GC invocations=46 (full 0):
 garbage-first heap   total 165888K, used 99666K [0x00000000a0000000, 0x0000000100000000)
  region size 1024K, 2 young (2048K), 2 survivors (2048K)
 Metaspace       used 88415K, capacity 90619K, committed 91212K, reserved 1128448K
  class space    used 11353K, capacity 12206K, committed 12364K, reserved 1048576K
}
Event: 78.177 GC heap before
{Heap before GC invocations=46 (full 0):
 garbage-first heap   total 165888K, used 104786K [0x00000000a0000000, 0x0000000100000000)
  region size 1024K, 8 young (8192K), 2 survivors (2048K)
 Metaspace       used 88475K, capacity 90627K, committed 91212K, reserved 1128448K
  class space    used 11359K, capacity 12208K, committed 12364K, reserved 1048576K
}
Event: 78.181 GC heap after
{Heap after GC invocations=47 (full 0):
 garbage-first heap   total 165888K, used 100021K [0x00000000a0000000, 0x0000000100000000)
  region size 1024K, 1 young (1024K), 1 survivors (1024K)
 Metaspace       used 88475K, capacity 90627K, committed 91212K, reserved 1128448K
  class space    used 11359K, capacity 12208K, committed 12364K, reserved 1048576K
}
Event: 78.414 GC heap before
{Heap before GC invocations=47 (full 0):
 garbage-first heap   total 165888K, used 127669K [0x00000000a0000000, 0x0000000100000000)
  region size 1024K, 25 young (25600K), 1 survivors (1024K)
 Metaspace       used 88588K, capacity 90695K, committed 91212K, reserved 1128448K
  class space    used 11364K, capacity 12209K, committed 12364K, reserved 1048576K
}
Event: 78.416 GC heap after
{Heap after GC invocations=48 (full 0):
 garbage-first heap   total 165888K, used 102397K [0x00000000a0000000, 0x0000000100000000)
  region size 1024K, 4 young (4096K), 4 survivors (4096K)
 Metaspace       used 88588K, capacity 90695K, committed 91212K, reserved 1128448K
  class space    used 11364K, capacity 12209K, committed 12364K, reserved 1048576K
}
Event: 78.509 GC heap before
{Heap before GC invocations=48 (full 0):
 garbage-first heap   total 165888K, used 125949K [0x00000000a0000000, 0x0000000100000000)
  region size 1024K, 28 young (28672K), 4 survivors (4096K)
 Metaspace       used 88628K, capacity 90770K, committed 91212K, reserved 1128448K
  class space    used 11364K, capacity 12209K, committed 12364K, reserved 1048576K
}
Event: 78.513 GC heap after
{Heap after GC invocations=49 (full 0):
 garbage-first heap   total 165888K, used 104275K [0x00000000a0000000, 0x0000000100000000)
  region size 1024K, 2 young (2048K), 2 survivors (2048K)
 Metaspace       used 88628K, capacity 90770K, committed 91212K, reserved 1128448K
  class space    used 11364K, capacity 12209K, committed 12364K, reserved 1048576K
}
Event: 78.774 GC heap before
{Heap before GC invocations=50 (full 0):
 garbage-first heap   total 165888K, used 131923K [0x00000000a0000000, 0x0000000100000000)
  region size 1024K, 27 young (27648K), 2 survivors (2048K)
 Metaspace       used 89511K, capacity 91715K, committed 92108K, reserved 1128448K
  class space    used 11475K, capacity 12334K, committed 12492K, reserved 1048576K
}
Event: 78.781 GC heap after
{Heap after GC invocations=51 (full 0):
 garbage-first heap   total 225280K, used 117284K [0x00000000a0000000, 0x0000000100000000)
  region size 1024K, 4 young (4096K), 4 survivors (4096K)
 Metaspace       used 89511K, capacity 91715K, committed 92108K, reserved 1128448K
  class space    used 11475K, capacity 12334K, committed 12492K, reserved 1048576K
}
Event: 78.802 GC heap before
{Heap before GC invocations=51 (full 0):
 garbage-first heap   total 225280K, used 124452K [0x00000000a0000000, 0x0000000100000000)
  region size 1024K, 11 young (11264K), 4 survivors (4096K)
 Metaspace       used 89528K, capacity 91779K, committed 92108K, reserved 1128448K
  class space    used 11475K, capacity 12334K, committed 12492K, reserved 1048576K
}
Event: 78.807 GC heap after
{Heap after GC invocations=52 (full 0):
 garbage-first heap   total 225280K, used 122709K [0x00000000a0000000, 0x0000000100000000)
  region size 1024K, 2 young (2048K), 2 survivors (2048K)
 Metaspace       used 89528K, capacity 91779K, committed 92108K, reserved 1128448K
  class space    used 11475K, capacity 12334K, committed 12492K, reserved 1048576K
}
Event: 78.981 GC heap before
{Heap before GC invocations=52 (full 0):
 garbage-first heap   total 225280K, used 158549K [0x00000000a0000000, 0x0000000100000000)
  region size 1024K, 37 young (37888K), 2 survivors (2048K)
 Metaspace       used 89985K, capacity 92210K, committed 92620K, reserved 1130496K
  class space    used 11524K, capacity 12372K, committed 12492K, reserved 1048576K
}
Event: 78.989 GC heap after
{Heap after GC invocations=53 (full 0):
 garbage-first heap   total 225280K, used 136359K [0x00000000a0000000, 0x0000000100000000)
  region size 1024K, 5 young (5120K), 5 survivors (5120K)
 Metaspace       used 89985K, capacity 92210K, committed 92620K, reserved 1130496K
  class space    used 11524K, capacity 12372K, committed 12492K, reserved 1048576K
}
Event: 79.314 GC heap before
{Heap before GC invocations=53 (full 0):
 garbage-first heap   total 225280K, used 174247K [0x00000000a0000000, 0x0000000100000000)
  region size 1024K, 35 young (35840K), 5 survivors (5120K)
 Metaspace       used 90286K, capacity 92568K, committed 93004K, reserved 1130496K
  class space    used 11548K, capacity 12406K, committed 12620K, reserved 1048576K
}
Event: 79.321 GC heap after
{Heap after GC invocations=54 (full 0):
 garbage-first heap   total 225280K, used 143457K [0x00000000a0000000, 0x0000000100000000)
  region size 1024K, 5 young (5120K), 5 survivors (5120K)
 Metaspace       used 90286K, capacity 92568K, committed 93004K, reserved 1130496K
  class space    used 11548K, capacity 12406K, committed 12620K, reserved 1048576K
}
Event: 79.397 GC heap before
{Heap before GC invocations=54 (full 0):
 garbage-first heap   total 225280K, used 173153K [0x00000000a0000000, 0x0000000100000000)
  region size 1024K, 34 young (34816K), 5 survivors (5120K)
 Metaspace       used 90292K, capacity 92568K, committed 93004K, reserved 1130496K
  class space    used 11548K, capacity 12406K, committed 12620K, reserved 1048576K
}

Deoptimization events (20 events):
Event: 79.268 Thread 0x0000023dffec3000 Uncommon trap: trap_request=0xffffff4d fr.pc=0x0000023df2285374 relative=0x00000000000001d4
Event: 79.268 Thread 0x0000023dffec3000 Uncommon trap: reason=unstable_if action=reinterpret pc=0x0000023df2285374 method=java.lang.String.lastIndexOf(II)I @ 4 c2
Event: 79.268 Thread 0x0000023dffec3000 DEOPT PACKING pc=0x0000023df2285374 sp=0x000000e4a8dfa6c0
Event: 79.268 Thread 0x0000023dffec3000 DEOPT UNPACKING pc=0x0000023dea4083af sp=0x000000e4a8dfa5f0 mode 2
Event: 79.268 Thread 0x0000023dffec3000 Uncommon trap: trap_request=0xffffff4d fr.pc=0x0000023df1fac878 relative=0x00000000000001d8
Event: 79.268 Thread 0x0000023dffec3000 Uncommon trap: reason=unstable_if action=reinterpret pc=0x0000023df1fac878 method=java.lang.String.lastIndexOf(II)I @ 4 c2
Event: 79.268 Thread 0x0000023dffec3000 DEOPT PACKING pc=0x0000023df1fac878 sp=0x000000e4a8dfa650
Event: 79.268 Thread 0x0000023dffec3000 DEOPT UNPACKING pc=0x0000023dea4083af sp=0x000000e4a8dfa5f0 mode 2
Event: 79.278 Thread 0x0000023dffec3000 DEOPT PACKING pc=0x0000023dec190d18 sp=0x000000e4a8dfa720
Event: 79.278 Thread 0x0000023dffec3000 DEOPT UNPACKING pc=0x0000023dea428ede sp=0x000000e4a8df9c50 mode 0
Event: 79.292 Thread 0x0000023dffec3000 DEOPT PACKING pc=0x0000023deb788eb8 sp=0x000000e4a8dfa920
Event: 79.292 Thread 0x0000023dffec3000 DEOPT UNPACKING pc=0x0000023dea428ede sp=0x000000e4a8df9de0 mode 0
Event: 79.308 Thread 0x0000023dffec3000 Uncommon trap: trap_request=0xffffff4d fr.pc=0x0000023df22206c0 relative=0x0000000000001980
Event: 79.308 Thread 0x0000023dffec3000 Uncommon trap: reason=unstable_if action=reinterpret pc=0x0000023df22206c0 method=com.google.gson.stream.JsonReader.nextQuotedValue(C)Ljava/lang/String; @ 96 c2
Event: 79.308 Thread 0x0000023dffec3000 DEOPT PACKING pc=0x0000023df22206c0 sp=0x000000e4a8dfa360
Event: 79.308 Thread 0x0000023dffec3000 DEOPT UNPACKING pc=0x0000023dea4083af sp=0x000000e4a8dfa358 mode 2
Event: 79.324 Thread 0x0000023dffec3000 DEOPT PACKING pc=0x0000023debb4b1d3 sp=0x000000e4a8df9fb0
Event: 79.324 Thread 0x0000023dffec3000 DEOPT UNPACKING pc=0x0000023dea428ede sp=0x000000e4a8df9558 mode 0
Event: 79.329 Thread 0x0000023dffec3000 DEOPT PACKING pc=0x0000023dec1beaa3 sp=0x000000e4a8dfa0f0
Event: 79.329 Thread 0x0000023dffec3000 DEOPT UNPACKING pc=0x0000023dea428ede sp=0x000000e4a8df95a8 mode 0

Classes redefined (0 events):
No events

Internal exceptions (20 events):
Event: 76.688 Thread 0x0000023d8266d000 Exception <a 'java/lang/NoSuchMethodError'{0x00000000a74081b0}: 'java.lang.Object java.lang.invoke.DirectMethodHandle$Holder.invokeSpecialIFC(java.lang.Object, java.lang.Object, java.lang.Object)'> (0x00000000a74081b0) thrown at [./src/hotspot/share/interpreter/linkResolver.cpp, line 773]
Event: 76.688 Thread 0x0000023d82669000 Exception <a 'java/lang/NoSuchMethodError'{0x00000000a7422e58}: 'java.lang.Object java.lang.invoke.DirectMethodHandle$Holder.invokeSpecialIFC(java.lang.Object, java.lang.Object, java.lang.Object)'> (0x00000000a7422e58) thrown at [./src/hotspot/share/interpreter/linkResolver.cpp, line 773]
Event: 76.688 Thread 0x0000023d82669800 Exception <a 'java/lang/NoSuchMethodError'{0x00000000a7426fc8}: 'java.lang.Object java.lang.invoke.DirectMethodHandle$Holder.invokeSpecialIFC(java.lang.Object, java.lang.Object, java.lang.Object)'> (0x00000000a7426fc8) thrown at [./src/hotspot/share/interpreter/linkResolver.cpp, line 773]
Event: 76.688 Thread 0x0000023d8266d800 Exception <a 'java/lang/NoSuchMethodError'{0x00000000a741c1a8}: 'java.lang.Object java.lang.invoke.DirectMethodHandle$Holder.invokeSpecialIFC(java.lang.Object, java.lang.Object, java.lang.Object)'> (0x00000000a741c1a8) thrown at [./src/hotspot/share/interpreter/linkResolver.cpp, line 773]
Event: 76.863 Thread 0x0000023dffec3000 Implicit null exception at 0x0000023df23aca37 to 0x0000023df23ad340
Event: 76.863 Thread 0x0000023d8266f800 Implicit null exception at 0x0000023df23aca37 to 0x0000023df23ad340
Event: 76.863 Thread 0x0000023d8266a800 Implicit null exception at 0x0000023df23aca37 to 0x0000023df23ad340
Event: 76.863 Thread 0x0000023d8266c000 Implicit null exception at 0x0000023df23aca37 to 0x0000023df23ad340
Event: 76.863 Thread 0x0000023d82669000 Implicit null exception at 0x0000023df23aca37 to 0x0000023df23ad340
Event: 76.863 Thread 0x0000023d8266d800 Implicit null exception at 0x0000023df23aca37 to 0x0000023df23ad340
Event: 76.863 Thread 0x0000023d82669800 Implicit null exception at 0x0000023df23aca37 to 0x0000023df23ad340
Event: 76.863 Thread 0x0000023d8266d000 Implicit null exception at 0x0000023df23aca37 to 0x0000023df23ad340
Event: 76.922 Thread 0x0000023d8266d000 Implicit null exception at 0x0000023df23af147 to 0x0000023df23afc20
Event: 76.922 Thread 0x0000023dffec3000 Implicit null exception at 0x0000023df23af147 to 0x0000023df23afc20
Event: 78.555 Thread 0x0000023dffec3000 Exception <a 'java/lang/NoSuchMethodError'{0x00000000a9ba8bb0}: 'java.lang.Object java.lang.invoke.DirectMethodHandle$Holder.invokeSpecial(java.lang.Object, java.lang.Object, int, java.lang.Object, java.lang.Object)'> (0x00000000a9ba8bb0) thrown at [./src/hotspot/share/interpreter/linkResolver.cpp, line 773]
Event: 78.556 Thread 0x0000023dffec3000 Exception <a 'java/lang/NoSuchMethodError'{0x00000000a9bb1388}: 'java.lang.Object java.lang.invoke.DirectMethodHandle$Holder.invokeStatic(java.lang.Object, java.lang.Object, int, java.lang.Object)'> (0x00000000a9bb1388) thrown at [./src/hotspot/share/interpreter/linkResolver.cpp, line 773]
Event: 78.557 Thread 0x0000023dffec3000 Exception <a 'java/lang/NoSuchMethodError'{0x00000000a9bb5328}: 'java.lang.Object java.lang.invoke.Invokers$Holder.linkToTargetMethod(java.lang.Object, int, java.lang.Object, java.lang.Object)'> (0x00000000a9bb5328) thrown at [./src/hotspot/share/interpreter/linkResolver.cpp, line 773]
Event: 78.558 Thread 0x0000023dffec3000 Exception <a 'java/lang/NoSuchMethodError'{0x00000000a9bcd820}: 'void java.lang.invoke.DirectMethodHandle$Holder.invokeVirtual(java.lang.Object, java.lang.Object)'> (0x00000000a9bcd820) thrown at [./src/hotspot/share/interpreter/linkResolver.cpp, line 773]
Event: 78.831 Thread 0x0000023dffec3000 Implicit null exception at 0x0000023df21d2e84 to 0x0000023df21d307c
Event: 79.267 Thread 0x0000023dffec3000 Implicit null exception at 0x0000023df20d0e6c to 0x0000023df20d14a8

Events (20 events):
Event: 79.266 loading class com/android/utils/XmlUtils$PositionAwareStringBuilder done
Event: 79.292 loading class com/google/common/io/FileWriteMode
Event: 79.292 loading class com/google/common/io/FileWriteMode done
Event: 79.292 loading class com/google/common/io/CharSink
Event: 79.292 loading class com/google/common/io/CharSink done
Event: 79.293 loading class com/google/common/io/ByteSink$AsCharSink
Event: 79.293 loading class com/google/common/io/ByteSink$AsCharSink done
Event: 79.304 loading class com/android/ide/common/resources/CompileResourceRequest
Event: 79.304 loading class com/android/ide/common/resources/CompileResourceRequest done
Event: 79.305 loading class com/android/builder/internal/aapt/v2/Aapt2RenamingConventions
Event: 79.305 loading class com/android/builder/internal/aapt/v2/Aapt2RenamingConventions done
Event: 79.305 loading class com/android/builder/internal/aapt/v2/Aapt2Exception
Event: 79.305 loading class com/android/builder/internal/aapt/v2/Aapt2Exception done
Event: 79.306 loading class com/android/ide/common/blame/MergingLogPersistUtil
Event: 79.306 loading class com/android/ide/common/blame/MergingLogPersistUtil done
Event: 79.307 loading class com/android/ide/common/blame/MergingLogPersistUtil$SourcePositionsSerializer$JsonTypeAdapter
Event: 79.307 loading class com/android/ide/common/blame/MergingLogPersistUtil$SourcePositionsSerializer$JsonTypeAdapter done
Event: 79.314 Executing VM operation: G1CollectForAllocation
Event: 79.321 Executing VM operation: G1CollectForAllocation done
Event: 79.397 Executing VM operation: G1CollectForAllocation


Dynamic libraries:
0x00007ff635260000 - 0x00007ff63526a000 	C:\Program Files\Android\Android Studio\jre\bin\java.exe
0x00007ffac6610000 - 0x00007ffac6805000 	C:\Windows\SYSTEM32\ntdll.dll
0x00007ffac59e0000 - 0x00007ffac5a9d000 	C:\Windows\System32\KERNEL32.DLL
0x00007ffac3ee0000 - 0x00007ffac41a9000 	C:\Windows\System32\KERNELBASE.dll
0x00007ffabc960000 - 0x00007ffabc9f0000 	C:\Windows\SYSTEM32\apphelp.dll
0x00007ffac3de0000 - 0x00007ffac3ee0000 	C:\Windows\System32\ucrtbase.dll
0x00007ffabd1e0000 - 0x00007ffabd1f7000 	C:\Program Files\Android\Android Studio\jre\bin\VCRUNTIME140.dll
0x00007ffab6ed0000 - 0x00007ffab6ee9000 	C:\Program Files\Android\Android Studio\jre\bin\jli.dll
0x00007ffac5620000 - 0x00007ffac57c0000 	C:\Windows\System32\USER32.dll
0x00007ffac4340000 - 0x00007ffac4362000 	C:\Windows\System32\win32u.dll
0x00007ffac50c0000 - 0x00007ffac50ea000 	C:\Windows\System32\GDI32.dll
0x00007ffac44d0000 - 0x00007ffac45db000 	C:\Windows\System32\gdi32full.dll
0x00007ffac3d40000 - 0x00007ffac3ddd000 	C:\Windows\System32\msvcp_win.dll
0x00007ffac3150000 - 0x00007ffac33ea000 	C:\Windows\WinSxS\amd64_microsoft.windows.common-controls_6595b64144ccf1df_6.0.19041.1110_none_60b5254171f9507e\COMCTL32.dll
0x00007ffac6530000 - 0x00007ffac65ce000 	C:\Windows\System32\msvcrt.dll
0x00007ffac6270000 - 0x00007ffac62a0000 	C:\Windows\System32\IMM32.DLL
0x00007ffa858d0000 - 0x00007ffa8596d000 	C:\Program Files\Android\Android Studio\jre\bin\msvcp140.dll
0x00007ffa62820000 - 0x00007ffa632ef000 	C:\Program Files\Android\Android Studio\jre\bin\server\jvm.dll
0x00007ffac50f0000 - 0x00007ffac519c000 	C:\Windows\System32\ADVAPI32.dll
0x00007ffac6490000 - 0x00007ffac652b000 	C:\Windows\System32\sechost.dll
0x00007ffac6350000 - 0x00007ffac647a000 	C:\Windows\System32\RPCRT4.dll
0x00007ffac6480000 - 0x00007ffac6488000 	C:\Windows\System32\PSAPI.DLL
0x00007ffaa6bd0000 - 0x00007ffaa6bf7000 	C:\Windows\SYSTEM32\WINMM.dll
0x00007ffabaad0000 - 0x00007ffabaad9000 	C:\Windows\SYSTEM32\WSOCK32.dll
0x00007ffac57c0000 - 0x00007ffac582b000 	C:\Windows\System32\WS2_32.dll
0x00007ffabca10000 - 0x00007ffabca1a000 	C:\Windows\SYSTEM32\VERSION.dll
0x00007ffac1670000 - 0x00007ffac1682000 	C:\Windows\SYSTEM32\kernel.appcore.dll
0x00007ffab8d00000 - 0x00007ffab8d11000 	C:\Program Files\Android\Android Studio\jre\bin\verify.dll
0x00007ffac3760000 - 0x00007ffac3944000 	C:\Windows\SYSTEM32\DBGHELP.DLL
0x00007ffac3690000 - 0x00007ffac36bc000 	C:\Windows\SYSTEM32\dbgcore.DLL
0x00007ffac42b0000 - 0x00007ffac4333000 	C:\Windows\System32\bcryptPrimitives.dll
0x00007ffab6d40000 - 0x00007ffab6d69000 	C:\Program Files\Android\Android Studio\jre\bin\java.dll
0x00007ffab8dd0000 - 0x00007ffab8ddb000 	C:\Program Files\Android\Android Studio\jre\bin\jimage.dll
0x00007ffab6d20000 - 0x00007ffab6d38000 	C:\Program Files\Android\Android Studio\jre\bin\zip.dll
0x00007ffac5aa0000 - 0x00007ffac61df000 	C:\Windows\System32\SHELL32.dll
0x00007ffac1800000 - 0x00007ffac1f90000 	C:\Windows\SYSTEM32\windows.storage.dll
0x00007ffac4a80000 - 0x00007ffac4dd5000 	C:\Windows\System32\combase.dll
0x00007ffac30b0000 - 0x00007ffac30dc000 	C:\Windows\SYSTEM32\Wldp.dll
0x00007ffac4f70000 - 0x00007ffac501e000 	C:\Windows\System32\SHCORE.dll
0x00007ffac4f10000 - 0x00007ffac4f65000 	C:\Windows\System32\shlwapi.dll
0x00007ffac3c80000 - 0x00007ffac3c9f000 	C:\Windows\SYSTEM32\profapi.dll
0x00007ffab6d00000 - 0x00007ffab6d1a000 	C:\Program Files\Android\Android Studio\jre\bin\net.dll
0x00007ffaba5e0000 - 0x00007ffaba6e8000 	C:\Windows\SYSTEM32\WINHTTP.dll
0x00007ffac2db0000 - 0x00007ffac2e1a000 	C:\Windows\system32\mswsock.dll
0x00007ffab6ce0000 - 0x00007ffab6cf4000 	C:\Program Files\Android\Android Studio\jre\bin\nio.dll
0x00007ffab6d70000 - 0x00007ffab6d97000 	C:\Program Files\Android\Android Studio\plugins\gradle\wrapper\dists\gradle-6.7.1-bin\native\fdc75f09e3144964f2cf3f50f0aa648679c211496f362492102eb8c894070792\windows-amd64\native-platform.dll
0x00007ffa6e9c0000 - 0x00007ffa6eb56000 	C:\Program Files\Android\Android Studio\plugins\gradle\wrapper\dists\gradle-6.7.1-bin\native\12488b8bf47d2d4c9fbf2f6322a914ad602e24e48041cd04a747c6da556b65c4\windows-amd64\native-platform-file-events.dll
0x00007ffab8cf0000 - 0x00007ffab8cfa000 	C:\Program Files\Android\Android Studio\jre\bin\management.dll
0x00007ffab8cd0000 - 0x00007ffab8cdc000 	C:\Program Files\Android\Android Studio\jre\bin\management_ext.dll
0x00007ffac3a70000 - 0x00007ffac3a88000 	C:\Windows\SYSTEM32\CRYPTSP.dll
0x00007ffac2750000 - 0x00007ffac2784000 	C:\Windows\system32\rsaenh.dll
0x00007ffac45e0000 - 0x00007ffac4607000 	C:\Windows\System32\bcrypt.dll
0x00007ffac3c00000 - 0x00007ffac3c2e000 	C:\Windows\SYSTEM32\USERENV.dll
0x00007ffac3000000 - 0x00007ffac300c000 	C:\Windows\SYSTEM32\CRYPTBASE.dll
0x00007ffac2aa0000 - 0x00007ffac2adb000 	C:\Windows\SYSTEM32\IPHLPAPI.DLL
0x00007ffac5020000 - 0x00007ffac5028000 	C:\Windows\System32\NSI.dll
0x00007ffab88d0000 - 0x00007ffab88e7000 	C:\Windows\SYSTEM32\dhcpcsvc6.DLL
0x00007ffab8860000 - 0x00007ffab887d000 	C:\Windows\SYSTEM32\dhcpcsvc.DLL
0x00007ffac2ae0000 - 0x00007ffac2bac000 	C:\Windows\SYSTEM32\DNSAPI.dll
0x00007ffaba5c0000 - 0x00007ffaba5cb000 	C:\Windows\SYSTEM32\WINNSI.DLL
0x00007ffab0880000 - 0x00007ffab08a7000 	C:\Program Files\Android\Android Studio\jre\bin\sunec.dll
0x00007ffab8850000 - 0x00007ffab885a000 	C:\Windows\System32\rasadhlp.dll
0x00007ffab70d0000 - 0x00007ffab714f000 	C:\Windows\System32\fwpuclnt.dll

dbghelp: loaded successfully - version: 4.0.5 - missing functions: none
symbol engine: initialized successfully - sym options: 0x614 - pdb path: .;C:\Program Files\Android\Android Studio\jre\bin;C:\Windows\SYSTEM32;C:\Windows\WinSxS\amd64_microsoft.windows.common-controls_6595b64144ccf1df_6.0.19041.1110_none_60b5254171f9507e;C:\Program Files\Android\Android Studio\jre\bin\server;C:\Program Files\Android\Android Studio\plugins\gradle\wrapper\dists\gradle-6.7.1-bin\native\fdc75f09e3144964f2cf3f50f0aa648679c211496f362492102eb8c894070792\windows-amd64;C:\Program Files\Android\Android Studio\plugins\gradle\wrapper\dists\gradle-6.7.1-bin\native\12488b8bf47d2d4c9fbf2f6322a914ad602e24e48041cd04a747c6da556b65c4\windows-amd64

VM Arguments:
jvm_args: --add-opens=java.base/java.util=ALL-UNNAMED --add-opens=java.base/java.lang=ALL-UNNAMED --add-opens=java.base/java.lang.invoke=ALL-UNNAMED --add-opens=java.prefs/java.util.prefs=ALL-UNNAMED -Xmx1536m -Dfile.encoding=windows-1252 -Duser.country=US -Duser.language=en -Duser.variant 
java_command: org.gradle.launcher.daemon.bootstrap.GradleDaemon 6.7.1
java_class_path (initial): C:\Program Files\Android\Android Studio\plugins\gradle\wrapper\dists\gradle-6.7.1-bin\wrapper\dists\gradle-6.7.1-bin\bwlcbys1h7rz3272sye1xwiv6\gradle-6.7.1\lib\gradle-launcher-6.7.1.jar
Launcher Type: SUN_STANDARD

[Global flags]
     intx CICompilerCount                          = 4                                         {product} {ergonomic}
     uint ConcGCThreads                            = 2                                         {product} {ergonomic}
     uint G1ConcRefinementThreads                  = 8                                         {product} {ergonomic}
   size_t G1HeapRegionSize                         = 1048576                                   {product} {ergonomic}
    uintx GCDrainStackTargetSize                   = 64                                        {product} {ergonomic}
   size_t InitialHeapSize                          = 130023424                                 {product} {ergonomic}
   size_t MarkStackSize                            = 4194304                                   {product} {ergonomic}
   size_t MaxHeapSize                              = 1610612736                                {product} {command line}
   size_t MaxNewSize                               = 965738496                                 {product} {ergonomic}
   size_t MinHeapDeltaBytes                        = 1048576                                   {product} {ergonomic}
    uintx NonNMethodCodeHeapSize                   = 5836300                                {pd product} {ergonomic}
    uintx NonProfiledCodeHeapSize                  = 122910970                              {pd product} {ergonomic}
    uintx ProfiledCodeHeapSize                     = 122910970                              {pd product} {ergonomic}
    uintx ReservedCodeCacheSize                    = 251658240                              {pd product} {ergonomic}
     bool SegmentedCodeCache                       = true                                      {product} {ergonomic}
     bool UseCompressedClassPointers               = true                                 {lp64_product} {ergonomic}
     bool UseCompressedOops                        = true                                 {lp64_product} {ergonomic}
     bool UseG1GC                                  = true                                      {product} {ergonomic}
     bool UseLargePagesIndividualAllocation        = false                                  {pd product} {ergonomic}

Logging:
Log output configuration:
 #0: stdout all=warning uptime,level,tags
 #1: stderr all=off uptime,level,tags

Environment Variables:
PATH=C:\Program Files (x86)\Common Files\Oracle\Java\javapath;C:\Windows\system32;C:\Windows;C:\Windows\System32\Wbem;C:\Windows\System32\WindowsPowerShell\v1.0\;C:\Windows\System32\OpenSSH\;D:\Git\Git\cmd;C:\Users\shriv\AppData\Local\Microsoft\WindowsApps
USERNAME=shriv
OS=Windows_NT
PROCESSOR_IDENTIFIER=Intel64 Family 6 Model 140 Stepping 1, GenuineIntel



---------------  S Y S T E M  ---------------

OS: Windows 10 , 64 bit Build 19041 (10.0.19041.1151)
OS uptime: 6 days 1:01 hours

CPU:total 8 (initial active 8) (4 cores per cpu, 2 threads per core) family 6 model 140 stepping 1 microcode 0x86, cmov, cx8, fxsr, mmx, sse, sse2, sse3, ssse3, sse4.1, sse4.2, popcnt, avx, avx2, aes, clmul, erms, 3dnowpref, lzcnt, ht, tsc, tscinvbit, bmi1, bmi2, adx, evex, sha, fma

Memory: 4k page, system-wide physical 7871M (107M free)
TotalPageFile size 32447M (AvailPageFile size 50M)
current process WorkingSet (physical memory assigned to process): 386M, peak: 386M
current process commit charge ("private bytes"): 511M, peak: 620M

vm_info: OpenJDK 64-Bit Server VM (11.0.10+0-b96-7249189) for windows-amd64 JRE (11.0.10+0-b96-7249189), built on Mar 31 2021 21:44:00 by "builder" with MS VC++ 14.0 (VS2015)

END.
